Using pre-set license
Built from '2022.3/china_unity/release' branch; Version is '2022.3.30f1c1 (a6dc00fbe362) revision 10935296'; Using compiler version '192829333'; Build Type 'Release'
OS: 'Windows 11  (10.0.26100) 64bit Professional' Language: 'zh' Physical Memory: 15613 MB
BatchMode: 1, IsHumanControllingUs: 0, StartBugReporterOnCrash: 0, Is64bit: 1, IsPro: 1

COMMAND LINE ARGUMENTS:
C:\Apps\Unity Hub\Unity\Hub\Editor\2022.3.30f1c1\Editor\Unity.exe
-adb2
-batchMode
-noUpm
-name
AssetImportWorker2
-projectPath
F:/Unity/Projects/24.10.3ExtremeWorld/Src/Client
-logFile
Logs/AssetImportWorker2.log
-srvPort
51880
Successfully changed project path to: F:/Unity/Projects/24.10.3ExtremeWorld/Src/Client
F:/Unity/Projects/24.10.3ExtremeWorld/Src/Client
[UnityMemory] Configuration Parameters - Can be set up in boot.config
    "memorysetup-bucket-allocator-granularity=16"
    "memorysetup-bucket-allocator-bucket-count=8"
    "memorysetup-bucket-allocator-block-size=33554432"
    "memorysetup-bucket-allocator-block-count=8"
    "memorysetup-main-allocator-block-size=16777216"
    "memorysetup-thread-allocator-block-size=16777216"
    "memorysetup-gfx-main-allocator-block-size=16777216"
    "memorysetup-gfx-thread-allocator-block-size=16777216"
    "memorysetup-cache-allocator-block-size=4194304"
    "memorysetup-typetree-allocator-block-size=2097152"
    "memorysetup-profiler-bucket-allocator-granularity=16"
    "memorysetup-profiler-bucket-allocator-bucket-count=8"
    "memorysetup-profiler-bucket-allocator-block-size=33554432"
    "memorysetup-profiler-bucket-allocator-block-count=8"
    "memorysetup-profiler-allocator-block-size=16777216"
    "memorysetup-profiler-editor-allocator-block-size=1048576"
    "memorysetup-temp-allocator-size-main=16777216"
    "memorysetup-job-temp-allocator-block-size=2097152"
    "memorysetup-job-temp-allocator-block-size-background=1048576"
    "memorysetup-job-temp-allocator-reduction-small-platforms=262144"
    "memorysetup-allocator-temp-initial-block-size-main=262144"
    "memorysetup-allocator-temp-initial-block-size-worker=262144"
    "memorysetup-temp-allocator-size-background-worker=32768"
    "memorysetup-temp-allocator-size-job-worker=262144"
    "memorysetup-temp-allocator-size-preload-manager=33554432"
    "memorysetup-temp-allocator-size-nav-mesh-worker=65536"
    "memorysetup-temp-allocator-size-audio-worker=65536"
    "memorysetup-temp-allocator-size-cloud-worker=32768"
    "memorysetup-temp-allocator-size-gi-baking-worker=262144"
    "memorysetup-temp-allocator-size-gfx=262144"
Player connection [33640] Host "[IP] 66.183.203.235 [Port] 0 [Flags] 2 [Guid] 3848303581 [EditorId] 3848303581 [Version] 1048832 [Id] WindowsEditor(7,LAPTOP-H7TM5C4L) [Debug] 1 [PackageName] WindowsEditor [ProjectName] Editor" joined multi-casting on [225.0.0.222:54997]...

Player connection [33640] Host "[IP] 66.183.203.235 [Port] 0 [Flags] 2 [Guid] 3848303581 [EditorId] 3848303581 [Version] 1048832 [Id] WindowsEditor(7,LAPTOP-H7TM5C4L) [Debug] 1 [PackageName] WindowsEditor [ProjectName] Editor" joined alternative multi-casting on [225.0.0.222:34997]...

[Physics::Module] Initialized MultithreadedJobDispatcher with 15 workers.
Refreshing native plugins compatible for Editor in 73.17 ms, found 2 plugins.
Preloading 0 native plugins for Editor in 0.00 ms.
Initialize engine version: 2022.3.30f1c1 (a6dc00fbe362)
[Subsystems] Discovering subsystems at path C:/Apps/Unity Hub/Unity/Hub/Editor/2022.3.30f1c1/Editor/Data/Resources/UnitySubsystems
[Subsystems] Discovering subsystems at path F:/Unity/Projects/24.10.3ExtremeWorld/Src/Client/Assets
GfxDevice: creating device client; threaded=0; jobified=0
Direct3D:
    Version:  Direct3D 11.0 [level 11.1]
    Renderer: NVIDIA GeForce RTX 3060 Laptop GPU (ID=0x2520)
    Vendor:   NVIDIA
    VRAM:     5996 MB
    Driver:   32.0.15.6614
Initialize mono
Mono path[0] = 'C:/Apps/Unity Hub/Unity/Hub/Editor/2022.3.30f1c1/Editor/Data/Managed'
Mono path[1] = 'C:/Apps/Unity Hub/Unity/Hub/Editor/2022.3.30f1c1/Editor/Data/MonoBleedingEdge/lib/mono/unityjit-win32'
Mono config path = 'C:/Apps/Unity Hub/Unity/Hub/Editor/2022.3.30f1c1/Editor/Data/MonoBleedingEdge/etc'
Using monoOptions --debugger-agent=transport=dt_socket,embedding=1,server=y,suspend=n,address=127.0.0.1:56668
Begin MonoManager ReloadAssembly
Registering precompiled unity dll's ...
Register platform support module: C:/Apps/Unity Hub/Unity/Hub/Editor/2022.3.30f1c1/Editor/Data/PlaybackEngines/AndroidPlayer/UnityEditor.Android.Extensions.dll
Register platform support module: C:/Apps/Unity Hub/Unity/Hub/Editor/2022.3.30f1c1/Editor/Data/PlaybackEngines/WindowsStandaloneSupport/UnityEditor.WindowsStandalone.Extensions.dll
Registered in 0.015279 seconds.
- Loaded All Assemblies, in  0.437 seconds
Native extension for WindowsStandalone target not found
Native extension for Android target not found
Android Extension - Scanning For ADB Devices 526 ms
Mono: successfully reloaded assembly
- Finished resetting the current domain, in  0.916 seconds
Domain Reload Profiling: 1347ms
	BeginReloadAssembly (139ms)
		ExecutionOrderSort (0ms)
		DisableScriptedObjects (0ms)
		BackupInstance (0ms)
		ReleaseScriptingObjects (0ms)
		CreateAndSetChildDomain (1ms)
	RebuildCommonClasses (36ms)
	RebuildNativeTypeToScriptingClass (11ms)
	initialDomainReloadingComplete (78ms)
	LoadAllAssembliesAndSetupDomain (167ms)
		LoadAssemblies (133ms)
		RebuildTransferFunctionScriptingTraits (0ms)
		AnalyzeDomain (164ms)
			TypeCache.Refresh (162ms)
				TypeCache.ScanAssembly (146ms)
			ScanForSourceGeneratedMonoScriptInfo (0ms)
			ResolveRequiredComponents (1ms)
	FinalizeReload (916ms)
		ReleaseScriptCaches (0ms)
		RebuildScriptCaches (0ms)
		SetupLoadedEditorAssemblies (853ms)
			LogAssemblyErrors (0ms)
			InitializePlatformSupportModulesInManaged (656ms)
			SetLoadedEditorAssemblies (5ms)
			RefreshPlugins (0ms)
			BeforeProcessingInitializeOnLoad (3ms)
			ProcessInitializeOnLoadAttributes (133ms)
			ProcessInitializeOnLoadMethodAttributes (56ms)
			AfterProcessingInitializeOnLoad (0ms)
			EditorAssembliesLoaded (0ms)
		ExecutionOrderSort2 (0ms)
		AwakeInstancesAfterBackupRestoration (0ms)
========================================================================
Worker process is ready to serve import requests
Begin MonoManager ReloadAssembly
Duplicate assembly 'log4net.dll' with different versions detected, using 'Assets/References/log4net.dll, AssemblyName=log4net, Version=2.0.8.0, Culture=neutral, PublicKeyToken=null' and ignoring 'Packages/com.unity.collab-proxy/Lib/Editor/PlasticSCM/log4netPlastic.dll, AssemblyName=log4net, Version=1.2.15.0, Culture=neutral, PublicKeyToken=669e0ddf0bb1aa2a'.Duplicate assembly 'Newtonsoft.Json.dll' with different versions detected, using 'Packages/com.unity.nuget.newtonsoft-json/Runtime/Newtonsoft.Json.dll, AssemblyName=Newtonsoft.Json, Version=13.0.0.0, Culture=neutral, PublicKeyToken=30ad4fe6b2a6aeed' and ignoring 'Assets/JsonDotNet/Assemblies/Standalone/Newtonsoft.Json.dll, AssemblyName=Newtonsoft.Json, Version=8.0.0.0, Culture=neutral, PublicKeyToken=null'.Symbol file LoadedFromMemory is not a mono symbol file
Symbol file LoadedFromMemory is not a mono symbol file
Symbol file LoadedFromMemory is not a mono symbol file
- Loaded All Assemblies, in  0.907 seconds
Refreshing native plugins compatible for Editor in 25.70 ms, found 2 plugins.
Native extension for WindowsStandalone target not found
Native extension for Android target not found
Package Manager log level set to [2]
[Package Manager] Server::EnsureServerProcessIsRunning -- launch failed, reason: Unity was launched with the -noUpm command-line argument
[Package Manager] UpmClient::Send -- Unable to send message (not connected to UPM process).
[Package Manager] Cannot connect to Unity Package Manager local server
Mono: successfully reloaded assembly
- Finished resetting the current domain, in  1.121 seconds
Domain Reload Profiling: 2013ms
	BeginReloadAssembly (172ms)
		ExecutionOrderSort (0ms)
		DisableScriptedObjects (5ms)
		BackupInstance (0ms)
		ReleaseScriptingObjects (0ms)
		CreateAndSetChildDomain (32ms)
	RebuildCommonClasses (38ms)
	RebuildNativeTypeToScriptingClass (11ms)
	initialDomainReloadingComplete (69ms)
	LoadAllAssembliesAndSetupDomain (600ms)
		LoadAssemblies (551ms)
		RebuildTransferFunctionScriptingTraits (0ms)
		AnalyzeDomain (149ms)
			TypeCache.Refresh (126ms)
				TypeCache.ScanAssembly (98ms)
			ScanForSourceGeneratedMonoScriptInfo (18ms)
			ResolveRequiredComponents (4ms)
	FinalizeReload (1122ms)
		ReleaseScriptCaches (0ms)
		RebuildScriptCaches (0ms)
		SetupLoadedEditorAssemblies (946ms)
			LogAssemblyErrors (0ms)
			InitializePlatformSupportModulesInManaged (33ms)
			SetLoadedEditorAssemblies (6ms)
			RefreshPlugins (0ms)
			BeforeProcessingInitializeOnLoad (105ms)
			ProcessInitializeOnLoadAttributes (611ms)
			ProcessInitializeOnLoadMethodAttributes (176ms)
			AfterProcessingInitializeOnLoad (14ms)
			EditorAssembliesLoaded (0ms)
		ExecutionOrderSort2 (0ms)
		AwakeInstancesAfterBackupRestoration (7ms)
Launched and connected shader compiler UnityShaderCompiler.exe after 0.06 seconds
Refreshing native plugins compatible for Editor in 29.62 ms, found 2 plugins.
Preloading 0 native plugins for Editor in 0.00 ms.
Unloading 2673 Unused Serialized files (Serialized files now loaded: 0)
Unloading 70 unused Assets / (47.8 KB). Loaded Objects now: 3147.
Memory consumption went from 139.1 MB to 139.1 MB.
Total: 9.744900 ms (FindLiveObjects: 0.291800 ms CreateObjectMapping: 0.116800 ms MarkObjects: 9.170400 ms  DeleteObjects: 0.164300 ms)

AssetImportParameters requested are different than current active one (requested -> active):
  custom:video-decoder-webm-vp8: 9c59270c3fd7afecdb556c50c9e8de78 -> 
  custom:SearchIndexIgnoredProperties: e643bd26f0fe6173181afceb89e7c659 -> 
  custom:container-demuxer-ogg: 62fdf1f143b41e24485cea50d1cbac27 -> 
  custom:AudioImporter_EditorPlatform: d09bf68614088b80899f8185d706f6e7 -> 
  custom:video-codec-MediaFoundation-h265: 746d11721c4dcdbdad8f713fa42b33f4 -> 
  custom:video-decoder-ogg-theora: a1e56fd34408186e4bbccfd4996cb3dc -> 
  custom:framework-win-MediaFoundation: 216162199b28c13a410421893ffa2e32 -> 
  custom:video-encoder-webm-vp8: eb34c28f22e8b96e1ab97ce403110664 -> 
  custom:audio-decoder-ogg-vorbis: bf7c407c2cedff20999df2af8eb42d56 -> 
  custom:CustomObjectIndexerAttribute: 9a22284fe3817be447336de3de66b15e -> 
  custom:container-demuxer-webm: 4f35f7cbe854078d1ac9338744f61a02 -> 
  custom:audio-encoder-webm-vorbis: bf7c407c2cedff20999df2af8eb42d56 -> 
  custom:container-muxer-webm: aa71ff27fc2769a1b78a27578f13a17b -> 
========================================================================
Received Import Request.
  Time since last request: 4047.486073 seconds.
  path: Assets/Resources/Music/bgm-select.mp3
  artifactKey: Guid(b74e1c7c6c7b1b34fbe2a75051556915) Importer(815301076,1909f56bfc062723c751e8b465ee728b)
Start importing Assets/Resources/Music/bgm-select.mp3 using Guid(b74e1c7c6c7b1b34fbe2a75051556915) Importer(815301076,1909f56bfc062723c751e8b465ee728b)  -> (artifact id: '91a92db4c213cfd818ac57e6b0b8c5af') in 0.223595 seconds
Number of updated asset objects reloaded before import = 0
Number of asset objects unloaded after import = 2
========================================================================
Received Import Request.
  Time since last request: 0.000042 seconds.
  path: Assets/Resources/Music/bgm-town.mp3
  artifactKey: Guid(61bdcde550323cd4591f4baa1186f2c8) Importer(815301076,1909f56bfc062723c751e8b465ee728b)
Start importing Assets/Resources/Music/bgm-town.mp3 using Guid(61bdcde550323cd4591f4baa1186f2c8) Importer(815301076,1909f56bfc062723c751e8b465ee728b)  -> (artifact id: '19646a9244ed55f12e8043a1d0c06658') in 0.429635 seconds
Number of updated asset objects reloaded before import = 0
Number of asset objects unloaded after import = 2
========================================================================
Received Import Request.
  Time since last request: 255.820888 seconds.
  path: Assets/Resources/Music/bgm-login.mp3
  artifactKey: Guid(93cadba85024e364db7a5c858639167f) Importer(815301076,1909f56bfc062723c751e8b465ee728b)
Start importing Assets/Resources/Music/bgm-login.mp3 using Guid(93cadba85024e364db7a5c858639167f) Importer(815301076,1909f56bfc062723c751e8b465ee728b)  -> (artifact id: 'cf1f53f5eba0ae6e067ebfc0d0130282') in 0.222048 seconds
Number of updated asset objects reloaded before import = 0
Number of asset objects unloaded after import = 2
========================================================================
Received Import Request.
  Time since last request: 48.409563 seconds.
  path: Assets/Resources/Music/bgm-login.mp3
  artifactKey: Guid(93cadba85024e364db7a5c858639167f) Importer(815301076,1909f56bfc062723c751e8b465ee728b)
Start importing Assets/Resources/Music/bgm-login.mp3 using Guid(93cadba85024e364db7a5c858639167f) Importer(815301076,1909f56bfc062723c751e8b465ee728b)  -> (artifact id: '88070c78b224c7d86bb8215c69f81426') in 0.383306 seconds
Number of updated asset objects reloaded before import = 0
Number of asset objects unloaded after import = 2
========================================================================
Received Import Request.
  Time since last request: 164.618647 seconds.
  path: Assets/Resources/Sound
  artifactKey: Guid(91ca74448c4bd4745bc11a8d93b32c66) Importer(815301076,1909f56bfc062723c751e8b465ee728b)
Start importing Assets/Resources/Sound using Guid(91ca74448c4bd4745bc11a8d93b32c66) Importer(815301076,1909f56bfc062723c751e8b465ee728b)  -> (artifact id: 'f8f83951ff92be119ea0700da2f9eb28') in 0.000713 seconds
Number of updated asset objects reloaded before import = 0
Number of asset objects unloaded after import = 0
========================================================================
Received Prepare
Begin MonoManager ReloadAssembly
Duplicate assembly 'log4net.dll' with different versions detected, using 'Assets/References/log4net.dll, AssemblyName=log4net, Version=2.0.8.0, Culture=neutral, PublicKeyToken=null' and ignoring 'Packages/com.unity.collab-proxy/Lib/Editor/PlasticSCM/log4netPlastic.dll, AssemblyName=log4net, Version=1.2.15.0, Culture=neutral, PublicKeyToken=669e0ddf0bb1aa2a'.Duplicate assembly 'Newtonsoft.Json.dll' with different versions detected, using 'Packages/com.unity.nuget.newtonsoft-json/Runtime/Newtonsoft.Json.dll, AssemblyName=Newtonsoft.Json, Version=13.0.0.0, Culture=neutral, PublicKeyToken=30ad4fe6b2a6aeed' and ignoring 'Assets/JsonDotNet/Assemblies/Standalone/Newtonsoft.Json.dll, AssemblyName=Newtonsoft.Json, Version=8.0.0.0, Culture=neutral, PublicKeyToken=null'.Symbol file LoadedFromMemory is not a mono symbol file
Symbol file LoadedFromMemory is not a mono symbol file
Symbol file LoadedFromMemory is not a mono symbol file
- Loaded All Assemblies, in  1.416 seconds
Refreshing native plugins compatible for Editor in 24.20 ms, found 2 plugins.
Native extension for WindowsStandalone target not found
Native extension for Android target not found
[Package Manager] Server::EnsureServerProcessIsRunning -- launch failed, reason: Unity was launched with the -noUpm command-line argument
[Package Manager] UpmClient::Send -- Unable to send message (not connected to UPM process).
[Package Manager] Cannot connect to Unity Package Manager local server
Mono: successfully reloaded assembly
- Finished resetting the current domain, in  1.621 seconds
Domain Reload Profiling: 3024ms
	BeginReloadAssembly (897ms)
		ExecutionOrderSort (0ms)
		DisableScriptedObjects (7ms)
		BackupInstance (0ms)
		ReleaseScriptingObjects (0ms)
		CreateAndSetChildDomain (55ms)
	RebuildCommonClasses (34ms)
	RebuildNativeTypeToScriptingClass (11ms)
	initialDomainReloadingComplete (49ms)
	LoadAllAssembliesAndSetupDomain (411ms)
		LoadAssemblies (446ms)
		RebuildTransferFunctionScriptingTraits (0ms)
		AnalyzeDomain (70ms)
			TypeCache.Refresh (49ms)
				TypeCache.ScanAssembly (38ms)
			ScanForSourceGeneratedMonoScriptInfo (17ms)
			ResolveRequiredComponents (3ms)
	FinalizeReload (1621ms)
		ReleaseScriptCaches (0ms)
		RebuildScriptCaches (0ms)
		SetupLoadedEditorAssemblies (758ms)
			LogAssemblyErrors (0ms)
			InitializePlatformSupportModulesInManaged (33ms)
			SetLoadedEditorAssemblies (6ms)
			RefreshPlugins (0ms)
			BeforeProcessingInitializeOnLoad (91ms)
			ProcessInitializeOnLoadAttributes (473ms)
			ProcessInitializeOnLoadMethodAttributes (141ms)
			AfterProcessingInitializeOnLoad (13ms)
			EditorAssembliesLoaded (0ms)
		ExecutionOrderSort2 (0ms)
		AwakeInstancesAfterBackupRestoration (6ms)
Refreshing native plugins compatible for Editor in 24.20 ms, found 2 plugins.
Preloading 0 native plugins for Editor in 0.00 ms.
Unloading 2646 Unused Serialized files (Serialized files now loaded: 0)
Unloading 62 unused Assets / (49.4 KB). Loaded Objects now: 3159.
Memory consumption went from 132.2 MB to 132.2 MB.
Total: 8.695300 ms (FindLiveObjects: 0.344400 ms CreateObjectMapping: 0.332700 ms MarkObjects: 7.901200 ms  DeleteObjects: 0.115100 ms)

Prepare: number of updated asset objects reloaded= 0
AssetImportParameters requested are different than current active one (requested -> active):
  custom:video-decoder-webm-vp8: 9c59270c3fd7afecdb556c50c9e8de78 -> 
  custom:SearchIndexIgnoredProperties: e643bd26f0fe6173181afceb89e7c659 -> 
  custom:container-demuxer-ogg: 62fdf1f143b41e24485cea50d1cbac27 -> 
  custom:AudioImporter_EditorPlatform: d09bf68614088b80899f8185d706f6e7 -> 
  custom:video-codec-MediaFoundation-h265: 746d11721c4dcdbdad8f713fa42b33f4 -> 
  custom:video-decoder-ogg-theora: a1e56fd34408186e4bbccfd4996cb3dc -> 
  custom:framework-win-MediaFoundation: 216162199b28c13a410421893ffa2e32 -> 
  custom:video-encoder-webm-vp8: eb34c28f22e8b96e1ab97ce403110664 -> 
  custom:audio-decoder-ogg-vorbis: bf7c407c2cedff20999df2af8eb42d56 -> 
  custom:CustomObjectIndexerAttribute: 9a22284fe3817be447336de3de66b15e -> 
  custom:container-demuxer-webm: 4f35f7cbe854078d1ac9338744f61a02 -> 
  custom:audio-encoder-webm-vorbis: bf7c407c2cedff20999df2af8eb42d56 -> 
  custom:container-muxer-webm: aa71ff27fc2769a1b78a27578f13a17b -> 
========================================================================
Received Import Request.
  Time since last request: 376.826166 seconds.
  path: Assets/Sound
  artifactKey: Guid(934855bd8d8672140ac7ab2ba3fdd1bb) Importer(815301076,1909f56bfc062723c751e8b465ee728b)
Start importing Assets/Sound using Guid(934855bd8d8672140ac7ab2ba3fdd1bb) Importer(815301076,1909f56bfc062723c751e8b465ee728b)  -> (artifact id: '9f14966101894ef8de5545b8b0cbeff8') in 0.007849 seconds
Number of updated asset objects reloaded before import = 0
Number of asset objects unloaded after import = 0
========================================================================
Received Import Request.
  Time since last request: 14.410742 seconds.
  path: Assets/Sound/AudioMixer.mixer
  artifactKey: Guid(23b81aa69f2f0ed42a9efb44fb70e411) Importer(815301076,1909f56bfc062723c751e8b465ee728b)
Start importing Assets/Sound/AudioMixer.mixer using Guid(23b81aa69f2f0ed42a9efb44fb70e411) Importer(815301076,1909f56bfc062723c751e8b465ee728b) Refreshing native plugins compatible for Editor in 20.69 ms, found 2 plugins.
Preloading 0 native plugins for Editor in 0.00 ms.
 -> (artifact id: 'dd7e043323eec979b6fb315550d2483a') in 0.028847 seconds
Number of updated asset objects reloaded before import = 0
Number of asset objects unloaded after import = 4
========================================================================
Received Import Request.
  Time since last request: 85.137940 seconds.
  path: Assets/Sound/AudioMixer.mixer
  artifactKey: Guid(23b81aa69f2f0ed42a9efb44fb70e411) Importer(815301076,1909f56bfc062723c751e8b465ee728b)
Start importing Assets/Sound/AudioMixer.mixer using Guid(23b81aa69f2f0ed42a9efb44fb70e411) Importer(815301076,1909f56bfc062723c751e8b465ee728b) Refreshing native plugins compatible for Editor in 20.60 ms, found 2 plugins.
Preloading 0 native plugins for Editor in 0.00 ms.
 -> (artifact id: '3b33ebe096fefcfc9f850fea3e573321') in 0.022319 seconds
Number of updated asset objects reloaded before import = 0
Number of asset objects unloaded after import = 6
========================================================================
Received Import Request.
  Time since last request: 3.159325 seconds.
  path: Assets/Sound/AudioMixer.mixer
  artifactKey: Guid(23b81aa69f2f0ed42a9efb44fb70e411) Importer(815301076,1909f56bfc062723c751e8b465ee728b)
Start importing Assets/Sound/AudioMixer.mixer using Guid(23b81aa69f2f0ed42a9efb44fb70e411) Importer(815301076,1909f56bfc062723c751e8b465ee728b) Refreshing native plugins compatible for Editor in 20.89 ms, found 2 plugins.
Preloading 0 native plugins for Editor in 0.00 ms.
 -> (artifact id: 'ac12f88743f048102222dc49951ca4fd') in 0.022663 seconds
Number of updated asset objects reloaded before import = 0
Number of asset objects unloaded after import = 6
========================================================================
Received Import Request.
  Time since last request: 1.776976 seconds.
  path: Assets/Sound/AudioMixer.mixer
  artifactKey: Guid(23b81aa69f2f0ed42a9efb44fb70e411) Importer(815301076,1909f56bfc062723c751e8b465ee728b)
Start importing Assets/Sound/AudioMixer.mixer using Guid(23b81aa69f2f0ed42a9efb44fb70e411) Importer(815301076,1909f56bfc062723c751e8b465ee728b) Refreshing native plugins compatible for Editor in 20.73 ms, found 2 plugins.
Preloading 0 native plugins for Editor in 0.00 ms.
 -> (artifact id: 'f35aa2b762be46d6d8179668fe0988d4') in 0.022787 seconds
Number of updated asset objects reloaded before import = 0
Number of asset objects unloaded after import = 8
========================================================================
Received Import Request.
  Time since last request: 2.645210 seconds.
  path: Assets/Sound/AudioMixer.mixer
  artifactKey: Guid(23b81aa69f2f0ed42a9efb44fb70e411) Importer(815301076,1909f56bfc062723c751e8b465ee728b)
Start importing Assets/Sound/AudioMixer.mixer using Guid(23b81aa69f2f0ed42a9efb44fb70e411) Importer(815301076,1909f56bfc062723c751e8b465ee728b) Refreshing native plugins compatible for Editor in 20.74 ms, found 2 plugins.
Preloading 0 native plugins for Editor in 0.00 ms.
 -> (artifact id: '38d74c2a0fd8a6185ed1604e165d8196') in 0.022566 seconds
Number of updated asset objects reloaded before import = 0
Number of asset objects unloaded after import = 8
========================================================================
Received Import Request.
  Time since last request: 344.650599 seconds.
  path: Assets/Scripts/Scene
  artifactKey: Guid(9cc0e0d392f98c543881acae9115239a) Importer(815301076,1909f56bfc062723c751e8b465ee728b)
Start importing Assets/Scripts/Scene using Guid(9cc0e0d392f98c543881acae9115239a) Importer(815301076,1909f56bfc062723c751e8b465ee728b)  -> (artifact id: 'b9a8e56c6926092325c71013321cf15e') in 0.000962 seconds
Number of updated asset objects reloaded before import = 0
Number of asset objects unloaded after import = 0
========================================================================
Received Import Request.
  Time since last request: 14.054215 seconds.
  path: Assets/Scripts/NewBehaviourScript.cs
  artifactKey: Guid(a70f903a42f8d2c4c977dab25d160efa) Importer(815301076,1909f56bfc062723c751e8b465ee728b)
Start importing Assets/Scripts/NewBehaviourScript.cs using Guid(a70f903a42f8d2c4c977dab25d160efa) Importer(815301076,1909f56bfc062723c751e8b465ee728b)  -> (artifact id: 'be7368036d4a1f3751ecf216aec5e3d8') in 0.000689 seconds
Number of updated asset objects reloaded before import = 0
Number of asset objects unloaded after import = 0
========================================================================
Received Prepare
Begin MonoManager ReloadAssembly
Duplicate assembly 'log4net.dll' with different versions detected, using 'Assets/References/log4net.dll, AssemblyName=log4net, Version=2.0.8.0, Culture=neutral, PublicKeyToken=null' and ignoring 'Packages/com.unity.collab-proxy/Lib/Editor/PlasticSCM/log4netPlastic.dll, AssemblyName=log4net, Version=1.2.15.0, Culture=neutral, PublicKeyToken=669e0ddf0bb1aa2a'.Duplicate assembly 'Newtonsoft.Json.dll' with different versions detected, using 'Packages/com.unity.nuget.newtonsoft-json/Runtime/Newtonsoft.Json.dll, AssemblyName=Newtonsoft.Json, Version=13.0.0.0, Culture=neutral, PublicKeyToken=30ad4fe6b2a6aeed' and ignoring 'Assets/JsonDotNet/Assemblies/Standalone/Newtonsoft.Json.dll, AssemblyName=Newtonsoft.Json, Version=8.0.0.0, Culture=neutral, PublicKeyToken=null'.Symbol file LoadedFromMemory is not a mono symbol file
Symbol file LoadedFromMemory is not a mono symbol file
Symbol file LoadedFromMemory is not a mono symbol file
- Loaded All Assemblies, in  1.006 seconds
Refreshing native plugins compatible for Editor in 25.77 ms, found 2 plugins.
Native extension for WindowsStandalone target not found
Native extension for Android target not found
[Package Manager] Server::EnsureServerProcessIsRunning -- launch failed, reason: Unity was launched with the -noUpm command-line argument
[Package Manager] UpmClient::Send -- Unable to send message (not connected to UPM process).
[Package Manager] Cannot connect to Unity Package Manager local server
Mono: successfully reloaded assembly
- Finished resetting the current domain, in  1.516 seconds
Domain Reload Profiling: 2509ms
	BeginReloadAssembly (588ms)
		ExecutionOrderSort (0ms)
		DisableScriptedObjects (5ms)
		BackupInstance (0ms)
		ReleaseScriptingObjects (0ms)
		CreateAndSetChildDomain (50ms)
	RebuildCommonClasses (29ms)
	RebuildNativeTypeToScriptingClass (9ms)
	initialDomainReloadingComplete (41ms)
	LoadAllAssembliesAndSetupDomain (325ms)
		LoadAssemblies (385ms)
		RebuildTransferFunctionScriptingTraits (0ms)
		AnalyzeDomain (18ms)
			TypeCache.Refresh (12ms)
				TypeCache.ScanAssembly (0ms)
			ScanForSourceGeneratedMonoScriptInfo (0ms)
			ResolveRequiredComponents (4ms)
	FinalizeReload (1517ms)
		ReleaseScriptCaches (0ms)
		RebuildScriptCaches (0ms)
		SetupLoadedEditorAssemblies (833ms)
			LogAssemblyErrors (0ms)
			InitializePlatformSupportModulesInManaged (32ms)
			SetLoadedEditorAssemblies (7ms)
			RefreshPlugins (0ms)
			BeforeProcessingInitializeOnLoad (97ms)
			ProcessInitializeOnLoadAttributes (530ms)
			ProcessInitializeOnLoadMethodAttributes (153ms)
			AfterProcessingInitializeOnLoad (14ms)
			EditorAssembliesLoaded (0ms)
		ExecutionOrderSort2 (0ms)
		AwakeInstancesAfterBackupRestoration (7ms)
Refreshing native plugins compatible for Editor in 22.50 ms, found 2 plugins.
Preloading 0 native plugins for Editor in 0.00 ms.
Unloading 2646 Unused Serialized files (Serialized files now loaded: 0)
Unloading 62 unused Assets / (49.2 KB). Loaded Objects now: 3162.
Memory consumption went from 132.5 MB to 132.4 MB.
Total: 8.129300 ms (FindLiveObjects: 0.217600 ms CreateObjectMapping: 0.149900 ms MarkObjects: 7.656200 ms  DeleteObjects: 0.104400 ms)

Prepare: number of updated asset objects reloaded= 0
AssetImportParameters requested are different than current active one (requested -> active):
  custom:video-decoder-webm-vp8: 9c59270c3fd7afecdb556c50c9e8de78 -> 
  custom:SearchIndexIgnoredProperties: e643bd26f0fe6173181afceb89e7c659 -> 
  custom:container-demuxer-ogg: 62fdf1f143b41e24485cea50d1cbac27 -> 
  custom:AudioImporter_EditorPlatform: d09bf68614088b80899f8185d706f6e7 -> 
  custom:video-codec-MediaFoundation-h265: 746d11721c4dcdbdad8f713fa42b33f4 -> 
  custom:video-decoder-ogg-theora: a1e56fd34408186e4bbccfd4996cb3dc -> 
  custom:framework-win-MediaFoundation: 216162199b28c13a410421893ffa2e32 -> 
  custom:video-encoder-webm-vp8: eb34c28f22e8b96e1ab97ce403110664 -> 
  custom:audio-decoder-ogg-vorbis: bf7c407c2cedff20999df2af8eb42d56 -> 
  custom:CustomObjectIndexerAttribute: 9a22284fe3817be447336de3de66b15e -> 
  custom:container-demuxer-webm: 4f35f7cbe854078d1ac9338744f61a02 -> 
  custom:audio-encoder-webm-vorbis: bf7c407c2cedff20999df2af8eb42d56 -> 
  custom:container-muxer-webm: aa71ff27fc2769a1b78a27578f13a17b -> 
========================================================================
Received Import Request.
  Time since last request: 15.077450 seconds.
  path: Assets/Scripts/Sound
  artifactKey: Guid(5349939c982d3c94d85d42793856a3b6) Importer(815301076,1909f56bfc062723c751e8b465ee728b)
Start importing Assets/Scripts/Sound using Guid(5349939c982d3c94d85d42793856a3b6) Importer(815301076,1909f56bfc062723c751e8b465ee728b)  -> (artifact id: 'e702cd8b828a02e7da0680876b46bfe4') in 0.006621 seconds
Number of updated asset objects reloaded before import = 0
Number of asset objects unloaded after import = 0
========================================================================
Received Import Request.
  Time since last request: 939.819566 seconds.
  path: Assets/Resources/UI/UISetting.prefab
  artifactKey: Guid(feb5c6442ffd1184abfe56236c2ea3da) Importer(815301076,1909f56bfc062723c751e8b465ee728b)
Start importing Assets/Resources/UI/UISetting.prefab using Guid(feb5c6442ffd1184abfe56236c2ea3da) Importer(815301076,1909f56bfc062723c751e8b465ee728b)  -> (artifact id: 'd7e40a7d49168af00597db8492ec7c15') in 0.236857 seconds
Number of updated asset objects reloaded before import = 0
Number of asset objects unloaded after import = 58
========================================================================
Received Import Request.
  Time since last request: 7.191140 seconds.
  path: Assets/Resources/UI/UISetting.prefab
  artifactKey: Guid(feb5c6442ffd1184abfe56236c2ea3da) Importer(815301076,1909f56bfc062723c751e8b465ee728b)
Start importing Assets/Resources/UI/UISetting.prefab using Guid(feb5c6442ffd1184abfe56236c2ea3da) Importer(815301076,1909f56bfc062723c751e8b465ee728b)  -> (artifact id: 'fd17a8159035e2c22fd5b00d48049ed5') in 0.192378 seconds
Number of updated asset objects reloaded before import = 0
Number of asset objects unloaded after import = 58
========================================================================
Received Import Request.
  Time since last request: 5.089002 seconds.
  path: Assets/Resources/UI/UISetting.prefab
  artifactKey: Guid(feb5c6442ffd1184abfe56236c2ea3da) Importer(815301076,1909f56bfc062723c751e8b465ee728b)
Start importing Assets/Resources/UI/UISetting.prefab using Guid(feb5c6442ffd1184abfe56236c2ea3da) Importer(815301076,1909f56bfc062723c751e8b465ee728b)  -> (artifact id: '478a6e3e1c0f5c7903f3e876c5e2b590') in 0.222323 seconds
Number of updated asset objects reloaded before import = 0
Number of asset objects unloaded after import = 58
========================================================================
Received Import Request.
  Time since last request: 5.160124 seconds.
  path: Assets/Resources/UI/UISetting.prefab
  artifactKey: Guid(feb5c6442ffd1184abfe56236c2ea3da) Importer(815301076,1909f56bfc062723c751e8b465ee728b)
Start importing Assets/Resources/UI/UISetting.prefab using Guid(feb5c6442ffd1184abfe56236c2ea3da) Importer(815301076,1909f56bfc062723c751e8b465ee728b)  -> (artifact id: '60cbd4ae2555140a46e035e14783e3b1') in 0.181008 seconds
Number of updated asset objects reloaded before import = 0
Number of asset objects unloaded after import = 60
========================================================================
Received Import Request.
  Time since last request: 6.060224 seconds.
  path: Assets/Resources/UI/UISetting.prefab
  artifactKey: Guid(feb5c6442ffd1184abfe56236c2ea3da) Importer(815301076,1909f56bfc062723c751e8b465ee728b)
Start importing Assets/Resources/UI/UISetting.prefab using Guid(feb5c6442ffd1184abfe56236c2ea3da) Importer(815301076,1909f56bfc062723c751e8b465ee728b)  -> (artifact id: '6da3da8527aafb7558b01819cc2db913') in 0.183302 seconds
Number of updated asset objects reloaded before import = 0
Number of asset objects unloaded after import = 60
========================================================================
Received Import Request.
  Time since last request: 4.070466 seconds.
  path: Assets/Resources/UI/UISetting.prefab
  artifactKey: Guid(feb5c6442ffd1184abfe56236c2ea3da) Importer(815301076,1909f56bfc062723c751e8b465ee728b)
Start importing Assets/Resources/UI/UISetting.prefab using Guid(feb5c6442ffd1184abfe56236c2ea3da) Importer(815301076,1909f56bfc062723c751e8b465ee728b)  -> (artifact id: '63f4e756baa17ff3af4ee4768965f3ea') in 0.190508 seconds
Number of updated asset objects reloaded before import = 0
Number of asset objects unloaded after import = 60
========================================================================
Received Import Request.
  Time since last request: 4.061075 seconds.
  path: Assets/Resources/UI/UISetting.prefab
  artifactKey: Guid(feb5c6442ffd1184abfe56236c2ea3da) Importer(815301076,1909f56bfc062723c751e8b465ee728b)
Start importing Assets/Resources/UI/UISetting.prefab using Guid(feb5c6442ffd1184abfe56236c2ea3da) Importer(815301076,1909f56bfc062723c751e8b465ee728b)  -> (artifact id: '4672833693da0010e4f7f5d6fba56815') in 0.183429 seconds
Number of updated asset objects reloaded before import = 0
Number of asset objects unloaded after import = 60
========================================================================
Received Import Request.
  Time since last request: 3.260374 seconds.
  path: Assets/Resources/UI/UISetting.prefab
  artifactKey: Guid(feb5c6442ffd1184abfe56236c2ea3da) Importer(815301076,1909f56bfc062723c751e8b465ee728b)
Start importing Assets/Resources/UI/UISetting.prefab using Guid(feb5c6442ffd1184abfe56236c2ea3da) Importer(815301076,1909f56bfc062723c751e8b465ee728b)  -> (artifact id: 'a861a3507205ea58da91bf45a671f3b6') in 0.230797 seconds
Number of updated asset objects reloaded before import = 0
Number of asset objects unloaded after import = 60
========================================================================
Received Import Request.
  Time since last request: 4.009920 seconds.
  path: Assets/Resources/UI/UISetting.prefab
  artifactKey: Guid(feb5c6442ffd1184abfe56236c2ea3da) Importer(815301076,1909f56bfc062723c751e8b465ee728b)
Start importing Assets/Resources/UI/UISetting.prefab using Guid(feb5c6442ffd1184abfe56236c2ea3da) Importer(815301076,1909f56bfc062723c751e8b465ee728b)  -> (artifact id: '4f2ced80adee3b4d2ee56f8b5d6b5d06') in 0.184229 seconds
Number of updated asset objects reloaded before import = 0
Number of asset objects unloaded after import = 60
========================================================================
Received Import Request.
  Time since last request: 2.655859 seconds.
  path: Assets/Resources/UI/UISetting.prefab
  artifactKey: Guid(feb5c6442ffd1184abfe56236c2ea3da) Importer(815301076,1909f56bfc062723c751e8b465ee728b)
Start importing Assets/Resources/UI/UISetting.prefab using Guid(feb5c6442ffd1184abfe56236c2ea3da) Importer(815301076,1909f56bfc062723c751e8b465ee728b)  -> (artifact id: '03a7ca75747040ec194c0c6458d74772') in 0.193212 seconds
Number of updated asset objects reloaded before import = 0
Number of asset objects unloaded after import = 60
========================================================================
Received Import Request.
  Time since last request: 9.758202 seconds.
  path: Assets/Resources/UI/UISetting.prefab
  artifactKey: Guid(feb5c6442ffd1184abfe56236c2ea3da) Importer(815301076,1909f56bfc062723c751e8b465ee728b)
Start importing Assets/Resources/UI/UISetting.prefab using Guid(feb5c6442ffd1184abfe56236c2ea3da) Importer(815301076,1909f56bfc062723c751e8b465ee728b)  -> (artifact id: 'cca58019f7b782c37d3e569490f8a870') in 0.185207 seconds
Number of updated asset objects reloaded before import = 0
Number of asset objects unloaded after import = 60
========================================================================
Received Import Request.
  Time since last request: 2.234949 seconds.
  path: Assets/Resources/UI/UISetting.prefab
  artifactKey: Guid(feb5c6442ffd1184abfe56236c2ea3da) Importer(815301076,1909f56bfc062723c751e8b465ee728b)
Start importing Assets/Resources/UI/UISetting.prefab using Guid(feb5c6442ffd1184abfe56236c2ea3da) Importer(815301076,1909f56bfc062723c751e8b465ee728b)  -> (artifact id: '49aa129b753493f0b0753c0a9743a06f') in 0.184391 seconds
Number of updated asset objects reloaded before import = 0
Number of asset objects unloaded after import = 60
========================================================================
Received Import Request.
  Time since last request: 4.310897 seconds.
  path: Assets/Resources/UI/UISetting.prefab
  artifactKey: Guid(feb5c6442ffd1184abfe56236c2ea3da) Importer(815301076,1909f56bfc062723c751e8b465ee728b)
Start importing Assets/Resources/UI/UISetting.prefab using Guid(feb5c6442ffd1184abfe56236c2ea3da) Importer(815301076,1909f56bfc062723c751e8b465ee728b)  -> (artifact id: '0febad3b0113d5a3bba8073933709db4') in 0.190131 seconds
Number of updated asset objects reloaded before import = 0
Number of asset objects unloaded after import = 60
========================================================================
Received Import Request.
  Time since last request: 4.457877 seconds.
  path: Assets/Resources/UI/UISetting.prefab
  artifactKey: Guid(feb5c6442ffd1184abfe56236c2ea3da) Importer(815301076,1909f56bfc062723c751e8b465ee728b)
Start importing Assets/Resources/UI/UISetting.prefab using Guid(feb5c6442ffd1184abfe56236c2ea3da) Importer(815301076,1909f56bfc062723c751e8b465ee728b)  -> (artifact id: '6196d2b235c4af5fa3e918b8c0c51329') in 0.185754 seconds
Number of updated asset objects reloaded before import = 0
Number of asset objects unloaded after import = 60
========================================================================
Received Import Request.
  Time since last request: 2.668526 seconds.
  path: Assets/Resources/UI/UISetting.prefab
  artifactKey: Guid(feb5c6442ffd1184abfe56236c2ea3da) Importer(815301076,1909f56bfc062723c751e8b465ee728b)
Start importing Assets/Resources/UI/UISetting.prefab using Guid(feb5c6442ffd1184abfe56236c2ea3da) Importer(815301076,1909f56bfc062723c751e8b465ee728b)  -> (artifact id: 'dc012ee5e2578ad078c3a3df5d1afec8') in 0.184791 seconds
Number of updated asset objects reloaded before import = 0
Number of asset objects unloaded after import = 60
========================================================================
Received Import Request.
  Time since last request: 12.630592 seconds.
  path: Assets/Resources/UI/UISetting.prefab
  artifactKey: Guid(feb5c6442ffd1184abfe56236c2ea3da) Importer(815301076,1909f56bfc062723c751e8b465ee728b)
Start importing Assets/Resources/UI/UISetting.prefab using Guid(feb5c6442ffd1184abfe56236c2ea3da) Importer(815301076,1909f56bfc062723c751e8b465ee728b)  -> (artifact id: '0b062d60be880a2d829880aabca2f4ec') in 0.189566 seconds
Number of updated asset objects reloaded before import = 0
Number of asset objects unloaded after import = 60
========================================================================
Received Import Request.
  Time since last request: 7.894081 seconds.
  path: Assets/Resources/UI/UISetting.prefab
  artifactKey: Guid(feb5c6442ffd1184abfe56236c2ea3da) Importer(815301076,1909f56bfc062723c751e8b465ee728b)
Start importing Assets/Resources/UI/UISetting.prefab using Guid(feb5c6442ffd1184abfe56236c2ea3da) Importer(815301076,1909f56bfc062723c751e8b465ee728b)  -> (artifact id: '429308137ca84cb752d1031753d8bf29') in 0.182838 seconds
Number of updated asset objects reloaded before import = 0
Number of asset objects unloaded after import = 79
========================================================================
Received Import Request.
  Time since last request: 3.021396 seconds.
  path: Assets/Resources/UI/UISetting.prefab
  artifactKey: Guid(feb5c6442ffd1184abfe56236c2ea3da) Importer(815301076,1909f56bfc062723c751e8b465ee728b)
Start importing Assets/Resources/UI/UISetting.prefab using Guid(feb5c6442ffd1184abfe56236c2ea3da) Importer(815301076,1909f56bfc062723c751e8b465ee728b)  -> (artifact id: '6fe22a1be38349db325d8f1f5d9ae8bb') in 0.184550 seconds
Number of updated asset objects reloaded before import = 0
Number of asset objects unloaded after import = 79
========================================================================
Received Import Request.
  Time since last request: 3.853504 seconds.
  path: Assets/Resources/UI/UISetting.prefab
  artifactKey: Guid(feb5c6442ffd1184abfe56236c2ea3da) Importer(815301076,1909f56bfc062723c751e8b465ee728b)
Start importing Assets/Resources/UI/UISetting.prefab using Guid(feb5c6442ffd1184abfe56236c2ea3da) Importer(815301076,1909f56bfc062723c751e8b465ee728b)  -> (artifact id: '808af450a05cb6c5af646a55f68555a1') in 0.230827 seconds
Number of updated asset objects reloaded before import = 0
Number of asset objects unloaded after import = 79
========================================================================
Received Import Request.
  Time since last request: 2.198534 seconds.
  path: Assets/Resources/UI/UISetting.prefab
  artifactKey: Guid(feb5c6442ffd1184abfe56236c2ea3da) Importer(815301076,1909f56bfc062723c751e8b465ee728b)
Start importing Assets/Resources/UI/UISetting.prefab using Guid(feb5c6442ffd1184abfe56236c2ea3da) Importer(815301076,1909f56bfc062723c751e8b465ee728b)  -> (artifact id: '97d970cefd44446ed2cfeda4fb6bbd93') in 0.181509 seconds
Number of updated asset objects reloaded before import = 0
Number of asset objects unloaded after import = 79
========================================================================
Received Import Request.
  Time since last request: 3.247921 seconds.
  path: Assets/Resources/UI/UISetting.prefab
  artifactKey: Guid(feb5c6442ffd1184abfe56236c2ea3da) Importer(815301076,1909f56bfc062723c751e8b465ee728b)
Start importing Assets/Resources/UI/UISetting.prefab using Guid(feb5c6442ffd1184abfe56236c2ea3da) Importer(815301076,1909f56bfc062723c751e8b465ee728b)  -> (artifact id: '4a93f1fcc86f9b483ca52c759c380389') in 0.187541 seconds
Number of updated asset objects reloaded before import = 0
Number of asset objects unloaded after import = 79
========================================================================
Received Import Request.
  Time since last request: 3.666197 seconds.
  path: Assets/Resources/UI/UISetting.prefab
  artifactKey: Guid(feb5c6442ffd1184abfe56236c2ea3da) Importer(815301076,1909f56bfc062723c751e8b465ee728b)
Start importing Assets/Resources/UI/UISetting.prefab using Guid(feb5c6442ffd1184abfe56236c2ea3da) Importer(815301076,1909f56bfc062723c751e8b465ee728b)  -> (artifact id: '89dd5c4382f4ad3647df49476dfee4c6') in 0.219396 seconds
Number of updated asset objects reloaded before import = 0
Number of asset objects unloaded after import = 79
========================================================================
Received Import Request.
  Time since last request: 3.330581 seconds.
  path: Assets/Resources/UI/UISetting.prefab
  artifactKey: Guid(feb5c6442ffd1184abfe56236c2ea3da) Importer(815301076,1909f56bfc062723c751e8b465ee728b)
Start importing Assets/Resources/UI/UISetting.prefab using Guid(feb5c6442ffd1184abfe56236c2ea3da) Importer(815301076,1909f56bfc062723c751e8b465ee728b)  -> (artifact id: 'cece94e5b5364caca53138d2100bb41c') in 0.204840 seconds
Number of updated asset objects reloaded before import = 0
Number of asset objects unloaded after import = 91
========================================================================
Received Import Request.
  Time since last request: 1.181703 seconds.
  path: Assets/Resources/UI/UISetting.prefab
  artifactKey: Guid(feb5c6442ffd1184abfe56236c2ea3da) Importer(815301076,1909f56bfc062723c751e8b465ee728b)
Start importing Assets/Resources/UI/UISetting.prefab using Guid(feb5c6442ffd1184abfe56236c2ea3da) Importer(815301076,1909f56bfc062723c751e8b465ee728b)  -> (artifact id: 'b64cfadd836e3263c30d9325aab969f7') in 0.198005 seconds
Number of updated asset objects reloaded before import = 0
Number of asset objects unloaded after import = 91
========================================================================
Received Import Request.
  Time since last request: 1.804121 seconds.
  path: Assets/TextMesh Pro/Examples & Extras/Resources/Fonts & Materials/Anton SDF.asset
  artifactKey: Guid(8a89fa14b10d46a99122fd4f73fca9a2) Importer(815301076,1909f56bfc062723c751e8b465ee728b)
Start importing Assets/TextMesh Pro/Examples & Extras/Resources/Fonts & Materials/Anton SDF.asset using Guid(8a89fa14b10d46a99122fd4f73fca9a2) Importer(815301076,1909f56bfc062723c751e8b465ee728b)  -> (artifact id: 'f182550f9737f02d68fd28757bb69234') in 0.059599 seconds
Number of updated asset objects reloaded before import = 0
Number of asset objects unloaded after import = 6
========================================================================
Received Import Request.
  Time since last request: 0.000035 seconds.
  path: Assets/TextMesh Pro/Examples & Extras/Resources/Fonts & Materials/Electronic Highway Sign SDF.asset
  artifactKey: Guid(dc36b3fdc14f47ebb36fd484a67e268a) Importer(815301076,1909f56bfc062723c751e8b465ee728b)
Start importing Assets/TextMesh Pro/Examples & Extras/Resources/Fonts & Materials/Electronic Highway Sign SDF.asset using Guid(dc36b3fdc14f47ebb36fd484a67e268a) Importer(815301076,1909f56bfc062723c751e8b465ee728b)  -> (artifact id: 'c1b4057fb3e03087aee929ba9adeee01') in 0.011775 seconds
Number of updated asset objects reloaded before import = 0
Number of asset objects unloaded after import = 6
========================================================================
Received Import Request.
  Time since last request: 0.000034 seconds.
  path: Assets/TextMesh Pro/Resources/Fonts & Materials/LiberationSans SDF - Fallback.asset
  artifactKey: Guid(2e498d1c8094910479dc3e1b768306a4) Importer(815301076,1909f56bfc062723c751e8b465ee728b)
Start importing Assets/TextMesh Pro/Resources/Fonts & Materials/LiberationSans SDF - Fallback.asset using Guid(2e498d1c8094910479dc3e1b768306a4) Importer(815301076,1909f56bfc062723c751e8b465ee728b)  -> (artifact id: 'c2343e1243b2f84f00bbf1dd75695fbf') in 0.012569 seconds
Number of updated asset objects reloaded before import = 0
Number of asset objects unloaded after import = 6
========================================================================
Received Import Request.
  Time since last request: 0.000021 seconds.
  path: Assets/TextMesh Pro/Examples & Extras/Resources/Fonts & Materials/Roboto-Bold SDF.asset
  artifactKey: Guid(5302535af1044152a457ed104f1f4b91) Importer(815301076,1909f56bfc062723c751e8b465ee728b)
Start importing Assets/TextMesh Pro/Examples & Extras/Resources/Fonts & Materials/Roboto-Bold SDF.asset using Guid(5302535af1044152a457ed104f1f4b91) Importer(815301076,1909f56bfc062723c751e8b465ee728b)  -> (artifact id: 'a0321a70746ae11711c3f8a4babdf8ff') in 0.012361 seconds
Number of updated asset objects reloaded before import = 0
Number of asset objects unloaded after import = 6
========================================================================
Received Import Request.
  Time since last request: 0.000018 seconds.
  path: Assets/TextMesh Pro/Examples & Extras/Resources/Fonts & Materials/Oswald Bold SDF.asset
  artifactKey: Guid(0161d805a3764c089bef00bfe00793f5) Importer(815301076,1909f56bfc062723c751e8b465ee728b)
Start importing Assets/TextMesh Pro/Examples & Extras/Resources/Fonts & Materials/Oswald Bold SDF.asset using Guid(0161d805a3764c089bef00bfe00793f5) Importer(815301076,1909f56bfc062723c751e8b465ee728b)  -> (artifact id: '35ac6923961e178c301955ca1c5eca7c') in 0.013015 seconds
Number of updated asset objects reloaded before import = 0
Number of asset objects unloaded after import = 6
========================================================================
Received Import Request.
  Time since last request: 0.853652 seconds.
  path: Assets/Resources/UI/UISetting.prefab
  artifactKey: Guid(feb5c6442ffd1184abfe56236c2ea3da) Importer(815301076,1909f56bfc062723c751e8b465ee728b)
Start importing Assets/Resources/UI/UISetting.prefab using Guid(feb5c6442ffd1184abfe56236c2ea3da) Importer(815301076,1909f56bfc062723c751e8b465ee728b)  -> (artifact id: '440080fa682c56d9c5e9b79e5ff6965b') in 0.183531 seconds
Number of updated asset objects reloaded before import = 0
Number of asset objects unloaded after import = 83
========================================================================
Received Import Request.
  Time since last request: 34.046861 seconds.
  path: Assets/UI/Common/ui_slider_point.png
  artifactKey: Guid(6554b0d1bb7423346b6711be546f8945) Importer(815301076,1909f56bfc062723c751e8b465ee728b)
Start importing Assets/UI/Common/ui_slider_point.png using Guid(6554b0d1bb7423346b6711be546f8945) Importer(815301076,1909f56bfc062723c751e8b465ee728b)  -> (artifact id: 'f33cbe9aad5ac5dc5d61121954b73339') in 0.023039 seconds
Number of updated asset objects reloaded before import = 0
Number of asset objects unloaded after import = 3
Editor requested this worker to shutdown with reason: Scaling down because of idle timeout
TcpMessagingSession - receive error: operation aborted. errorcode: 995, details: 由于线程退出或应用程序请求，已中止 I/O 操作。
AssetImportWorker is now disconnected from the server
Process exiting
Exiting without the bug reporter. Application will terminate with return code 0