Using pre-set license
Built from '2022.3/china_unity/release' branch; Version is '2022.3.30f1c1 (a6dc00fbe362) revision 10935296'; Using compiler version '192829333'; Build Type 'Release'
OS: 'Windows 11  (10.0.26100) 64bit Professional' Language: 'zh' Physical Memory: 15613 MB
BatchMode: 1, IsHumanControllingUs: 0, StartBugReporterOnCrash: 0, Is64bit: 1, IsPro: 1

COMMAND LINE ARGUMENTS:
C:\Apps\Unity Hub\Unity\Hub\Editor\2022.3.30f1c1\Editor\Unity.exe
-adb2
-batchMode
-noUpm
-name
AssetImportWorker3
-projectPath
F:/Unity/Projects/24.10.3ExtremeWorld/Src/Client
-logFile
Logs/AssetImportWorker3.log
-srvPort
61947
Successfully changed project path to: F:/Unity/Projects/24.10.3ExtremeWorld/Src/Client
F:/Unity/Projects/24.10.3ExtremeWorld/Src/Client
[UnityMemory] Configuration Parameters - Can be set up in boot.config
    "memorysetup-bucket-allocator-granularity=16"
    "memorysetup-bucket-allocator-bucket-count=8"
    "memorysetup-bucket-allocator-block-size=33554432"
    "memorysetup-bucket-allocator-block-count=8"
    "memorysetup-main-allocator-block-size=16777216"
    "memorysetup-thread-allocator-block-size=16777216"
    "memorysetup-gfx-main-allocator-block-size=16777216"
    "memorysetup-gfx-thread-allocator-block-size=16777216"
    "memorysetup-cache-allocator-block-size=4194304"
    "memorysetup-typetree-allocator-block-size=2097152"
    "memorysetup-profiler-bucket-allocator-granularity=16"
    "memorysetup-profiler-bucket-allocator-bucket-count=8"
    "memorysetup-profiler-bucket-allocator-block-size=33554432"
    "memorysetup-profiler-bucket-allocator-block-count=8"
    "memorysetup-profiler-allocator-block-size=16777216"
    "memorysetup-profiler-editor-allocator-block-size=1048576"
    "memorysetup-temp-allocator-size-main=16777216"
    "memorysetup-job-temp-allocator-block-size=2097152"
    "memorysetup-job-temp-allocator-block-size-background=1048576"
    "memorysetup-job-temp-allocator-reduction-small-platforms=262144"
    "memorysetup-allocator-temp-initial-block-size-main=262144"
    "memorysetup-allocator-temp-initial-block-size-worker=262144"
    "memorysetup-temp-allocator-size-background-worker=32768"
    "memorysetup-temp-allocator-size-job-worker=262144"
    "memorysetup-temp-allocator-size-preload-manager=33554432"
    "memorysetup-temp-allocator-size-nav-mesh-worker=65536"
    "memorysetup-temp-allocator-size-audio-worker=65536"
    "memorysetup-temp-allocator-size-cloud-worker=32768"
    "memorysetup-temp-allocator-size-gi-baking-worker=262144"
    "memorysetup-temp-allocator-size-gfx=262144"
Player connection [36856] Host "[IP] 66.183.222.87 [Port] 0 [Flags] 2 [Guid] 347912304 [EditorId] 347912304 [Version] 1048832 [Id] WindowsEditor(7,LAPTOP-H7TM5C4L) [Debug] 1 [PackageName] WindowsEditor [ProjectName] Editor" joined multi-casting on [225.0.0.222:54997]...

Player connection [36856] Host "[IP] 66.183.222.87 [Port] 0 [Flags] 2 [Guid] 347912304 [EditorId] 347912304 [Version] 1048832 [Id] WindowsEditor(7,LAPTOP-H7TM5C4L) [Debug] 1 [PackageName] WindowsEditor [ProjectName] Editor" joined alternative multi-casting on [225.0.0.222:34997]...

[Physics::Module] Initialized MultithreadedJobDispatcher with 15 workers.
Refreshing native plugins compatible for Editor in 50.40 ms, found 2 plugins.
Preloading 0 native plugins for Editor in 0.00 ms.
Initialize engine version: 2022.3.30f1c1 (a6dc00fbe362)
[Subsystems] Discovering subsystems at path C:/Apps/Unity Hub/Unity/Hub/Editor/2022.3.30f1c1/Editor/Data/Resources/UnitySubsystems
[Subsystems] Discovering subsystems at path F:/Unity/Projects/24.10.3ExtremeWorld/Src/Client/Assets
GfxDevice: creating device client; threaded=0; jobified=0
Direct3D:
    Version:  Direct3D 11.0 [level 11.1]
    Renderer: NVIDIA GeForce RTX 3060 Laptop GPU (ID=0x2520)
    Vendor:   NVIDIA
    VRAM:     5996 MB
    Driver:   32.0.15.6614
Initialize mono
Mono path[0] = 'C:/Apps/Unity Hub/Unity/Hub/Editor/2022.3.30f1c1/Editor/Data/Managed'
Mono path[1] = 'C:/Apps/Unity Hub/Unity/Hub/Editor/2022.3.30f1c1/Editor/Data/MonoBleedingEdge/lib/mono/unityjit-win32'
Mono config path = 'C:/Apps/Unity Hub/Unity/Hub/Editor/2022.3.30f1c1/Editor/Data/MonoBleedingEdge/etc'
Using monoOptions --debugger-agent=transport=dt_socket,embedding=1,server=y,suspend=n,address=127.0.0.1:56108
Begin MonoManager ReloadAssembly
Registering precompiled unity dll's ...
Register platform support module: C:/Apps/Unity Hub/Unity/Hub/Editor/2022.3.30f1c1/Editor/Data/PlaybackEngines/AndroidPlayer/UnityEditor.Android.Extensions.dll
Register platform support module: C:/Apps/Unity Hub/Unity/Hub/Editor/2022.3.30f1c1/Editor/Data/PlaybackEngines/WindowsStandaloneSupport/UnityEditor.WindowsStandalone.Extensions.dll
Registered in 0.015776 seconds.
- Loaded All Assemblies, in  0.390 seconds
Native extension for WindowsStandalone target not found
Native extension for Android target not found
Android Extension - Scanning For ADB Devices 404 ms
Mono: successfully reloaded assembly
- Finished resetting the current domain, in  0.754 seconds
Domain Reload Profiling: 1139ms
	BeginReloadAssembly (127ms)
		ExecutionOrderSort (0ms)
		DisableScriptedObjects (0ms)
		BackupInstance (0ms)
		ReleaseScriptingObjects (0ms)
		CreateAndSetChildDomain (1ms)
	RebuildCommonClasses (32ms)
	RebuildNativeTypeToScriptingClass (10ms)
	initialDomainReloadingComplete (73ms)
	LoadAllAssembliesAndSetupDomain (143ms)
		LoadAssemblies (120ms)
		RebuildTransferFunctionScriptingTraits (0ms)
		AnalyzeDomain (140ms)
			TypeCache.Refresh (138ms)
				TypeCache.ScanAssembly (124ms)
			ScanForSourceGeneratedMonoScriptInfo (0ms)
			ResolveRequiredComponents (1ms)
	FinalizeReload (754ms)
		ReleaseScriptCaches (0ms)
		RebuildScriptCaches (0ms)
		SetupLoadedEditorAssemblies (694ms)
			LogAssemblyErrors (0ms)
			InitializePlatformSupportModulesInManaged (518ms)
			SetLoadedEditorAssemblies (4ms)
			RefreshPlugins (0ms)
			BeforeProcessingInitializeOnLoad (3ms)
			ProcessInitializeOnLoadAttributes (121ms)
			ProcessInitializeOnLoadMethodAttributes (47ms)
			AfterProcessingInitializeOnLoad (0ms)
			EditorAssembliesLoaded (0ms)
		ExecutionOrderSort2 (0ms)
		AwakeInstancesAfterBackupRestoration (0ms)
========================================================================
Worker process is ready to serve import requests
Begin MonoManager ReloadAssembly
Duplicate assembly 'log4net.dll' with different versions detected, using 'Assets/References/log4net.dll, AssemblyName=log4net, Version=2.0.8.0, Culture=neutral, PublicKeyToken=null' and ignoring 'Packages/com.unity.collab-proxy/Lib/Editor/PlasticSCM/log4netPlastic.dll, AssemblyName=log4net, Version=1.2.15.0, Culture=neutral, PublicKeyToken=669e0ddf0bb1aa2a'.Duplicate assembly 'Newtonsoft.Json.dll' with different versions detected, using 'Packages/com.unity.nuget.newtonsoft-json/Runtime/Newtonsoft.Json.dll, AssemblyName=Newtonsoft.Json, Version=13.0.0.0, Culture=neutral, PublicKeyToken=30ad4fe6b2a6aeed' and ignoring 'Assets/JsonDotNet/Assemblies/Standalone/Newtonsoft.Json.dll, AssemblyName=Newtonsoft.Json, Version=8.0.0.0, Culture=neutral, PublicKeyToken=null'.Symbol file LoadedFromMemory is not a mono symbol file
Symbol file LoadedFromMemory is not a mono symbol file
Symbol file LoadedFromMemory is not a mono symbol file
- Loaded All Assemblies, in  0.717 seconds
Refreshing native plugins compatible for Editor in 22.91 ms, found 2 plugins.
Native extension for WindowsStandalone target not found
Native extension for Android target not found
Package Manager log level set to [2]
[Package Manager] Server::EnsureServerProcessIsRunning -- launch failed, reason: Unity was launched with the -noUpm command-line argument
[Package Manager] UpmClient::Send -- Unable to send message (not connected to UPM process).
[Package Manager] Cannot connect to Unity Package Manager local server
Mono: successfully reloaded assembly
- Finished resetting the current domain, in  0.972 seconds
Domain Reload Profiling: 1679ms
	BeginReloadAssembly (158ms)
		ExecutionOrderSort (0ms)
		DisableScriptedObjects (6ms)
		BackupInstance (0ms)
		ReleaseScriptingObjects (0ms)
		CreateAndSetChildDomain (29ms)
	RebuildCommonClasses (28ms)
	RebuildNativeTypeToScriptingClass (8ms)
	initialDomainReloadingComplete (49ms)
	LoadAllAssembliesAndSetupDomain (463ms)
		LoadAssemblies (405ms)
		RebuildTransferFunctionScriptingTraits (0ms)
		AnalyzeDomain (145ms)
			TypeCache.Refresh (118ms)
				TypeCache.ScanAssembly (90ms)
			ScanForSourceGeneratedMonoScriptInfo (22ms)
			ResolveRequiredComponents (4ms)
	FinalizeReload (972ms)
		ReleaseScriptCaches (0ms)
		RebuildScriptCaches (0ms)
		SetupLoadedEditorAssemblies (815ms)
			LogAssemblyErrors (0ms)
			InitializePlatformSupportModulesInManaged (31ms)
			SetLoadedEditorAssemblies (6ms)
			RefreshPlugins (0ms)
			BeforeProcessingInitializeOnLoad (90ms)
			ProcessInitializeOnLoadAttributes (525ms)
			ProcessInitializeOnLoadMethodAttributes (148ms)
			AfterProcessingInitializeOnLoad (13ms)
			EditorAssembliesLoaded (0ms)
		ExecutionOrderSort2 (0ms)
		AwakeInstancesAfterBackupRestoration (6ms)
Launched and connected shader compiler UnityShaderCompiler.exe after 0.06 seconds
Refreshing native plugins compatible for Editor in 25.65 ms, found 2 plugins.
Preloading 0 native plugins for Editor in 0.00 ms.
Unloading 2626 Unused Serialized files (Serialized files now loaded: 0)
Unloading 71 unused Assets / (77.5 KB). Loaded Objects now: 3089.
Memory consumption went from 132.2 MB to 132.1 MB.
Total: 9.952000 ms (FindLiveObjects: 0.225500 ms CreateObjectMapping: 0.181700 ms MarkObjects: 9.280100 ms  DeleteObjects: 0.263200 ms)

AssetImportParameters requested are different than current active one (requested -> active):
  custom:video-decoder-webm-vp8: 9c59270c3fd7afecdb556c50c9e8de78 -> 
  custom:SearchIndexIgnoredProperties: e643bd26f0fe6173181afceb89e7c659 -> 
  custom:container-demuxer-ogg: 62fdf1f143b41e24485cea50d1cbac27 -> 
  custom:AudioImporter_EditorPlatform: d09bf68614088b80899f8185d706f6e7 -> 
  custom:video-codec-MediaFoundation-h265: 746d11721c4dcdbdad8f713fa42b33f4 -> 
  custom:video-decoder-ogg-theora: a1e56fd34408186e4bbccfd4996cb3dc -> 
  custom:framework-win-MediaFoundation: 216162199b28c13a410421893ffa2e32 -> 
  custom:video-encoder-webm-vp8: eb34c28f22e8b96e1ab97ce403110664 -> 
  custom:audio-decoder-ogg-vorbis: bf7c407c2cedff20999df2af8eb42d56 -> 
  custom:CustomObjectIndexerAttribute: 9a22284fe3817be447336de3de66b15e -> 
  custom:container-demuxer-webm: 4f35f7cbe854078d1ac9338744f61a02 -> 
  custom:audio-encoder-webm-vorbis: bf7c407c2cedff20999df2af8eb42d56 -> 
  custom:container-muxer-webm: aa71ff27fc2769a1b78a27578f13a17b -> 
========================================================================
Received Import Request.
  Time since last request: 16626.098456 seconds.
  path: Assets/UI/Common/main_icon_ride.png
  artifactKey: Guid(1806bae0a8eefe544926e441bd06216d) Importer(815301076,1909f56bfc062723c751e8b465ee728b)
Start importing Assets/UI/Common/main_icon_ride.png using Guid(1806bae0a8eefe544926e441bd06216d) Importer(815301076,1909f56bfc062723c751e8b465ee728b)  -> (artifact id: '5673da3af0b032ece1603af1274c0223') in 0.058918 seconds
Number of updated asset objects reloaded before import = 0
Number of asset objects unloaded after import = 2
========================================================================
Received Import Request.
  Time since last request: 0.000028 seconds.
  path: Assets/UI/Common/title_bg_n.png
  artifactKey: Guid(e951d50f88747a3488ed15d29ce12cea) Importer(815301076,1909f56bfc062723c751e8b465ee728b)
Start importing Assets/UI/Common/title_bg_n.png using Guid(e951d50f88747a3488ed15d29ce12cea) Importer(815301076,1909f56bfc062723c751e8b465ee728b)  -> (artifact id: 'c2f8846971c058e964aa0b4d8306c690') in 0.036177 seconds
Number of updated asset objects reloaded before import = 0
Number of asset objects unloaded after import = 3
========================================================================
Received Import Request.
  Time since last request: 0.000060 seconds.
  path: Assets/UI/Common/ui_btton_s_2.png
  artifactKey: Guid(5c1e2de2f395e09478aee4b05083c7ed) Importer(815301076,1909f56bfc062723c751e8b465ee728b)
Start importing Assets/UI/Common/ui_btton_s_2.png using Guid(5c1e2de2f395e09478aee4b05083c7ed) Importer(815301076,1909f56bfc062723c751e8b465ee728b)  -> (artifact id: '8f60678f62f40fc110d80e4f0a3055ae') in 0.009652 seconds
Number of updated asset objects reloaded before import = 0
Number of asset objects unloaded after import = 2
========================================================================
Received Import Request.
  Time since last request: 0.000035 seconds.
  path: Assets/UI/Common/ui_button_yello.png
  artifactKey: Guid(265143f899db812429c69de63e14e79b) Importer(815301076,1909f56bfc062723c751e8b465ee728b)
Start importing Assets/UI/Common/ui_button_yello.png using Guid(265143f899db812429c69de63e14e79b) Importer(815301076,1909f56bfc062723c751e8b465ee728b)  -> (artifact id: 'd655a278e19eefcb0ae303021b2e574f') in 0.016820 seconds
Number of updated asset objects reloaded before import = 0
Number of asset objects unloaded after import = 3
========================================================================
Received Import Request.
  Time since last request: 64.171644 seconds.
  path: Assets/UI/Common/jt.png
  artifactKey: Guid(0e5f73e6b95e01341a7e990b261a650d) Importer(815301076,1909f56bfc062723c751e8b465ee728b)
Start importing Assets/UI/Common/jt.png using Guid(0e5f73e6b95e01341a7e990b261a650d) Importer(815301076,1909f56bfc062723c751e8b465ee728b)  -> (artifact id: '866c3140e019050b1a56eb7824f3b83a') in 0.014205 seconds
Number of updated asset objects reloaded before import = 0
Number of asset objects unloaded after import = 3
========================================================================
Received Import Request.
  Time since last request: 0.038798 seconds.
  path: Assets/UI/Common/common_bg_04.png
  artifactKey: Guid(e23ffad2b945d944cafe1d4217c4f655) Importer(815301076,1909f56bfc062723c751e8b465ee728b)
Start importing Assets/UI/Common/common_bg_04.png using Guid(e23ffad2b945d944cafe1d4217c4f655) Importer(815301076,1909f56bfc062723c751e8b465ee728b)  -> (artifact id: '7d40c76ec1e31395d866579062091811') in 0.010929 seconds
Number of updated asset objects reloaded before import = 0
Number of asset objects unloaded after import = 2
========================================================================
Received Import Request.
  Time since last request: 0.013158 seconds.
  path: Assets/UI/Common/df.png
  artifactKey: Guid(4c2a502b865c39247bcac7612a3a9453) Importer(815301076,1909f56bfc062723c751e8b465ee728b)
Start importing Assets/UI/Common/df.png using Guid(4c2a502b865c39247bcac7612a3a9453) Importer(815301076,1909f56bfc062723c751e8b465ee728b)  -> (artifact id: 'addba7893874e8725dbabd4ab9646246') in 0.008976 seconds
Number of updated asset objects reloaded before import = 0
Number of asset objects unloaded after import = 2
========================================================================
Received Import Request.
  Time since last request: 0.000027 seconds.
  path: Assets/UI/Common/h1.png
  artifactKey: Guid(32668b898eef67c4183d6eac536ea83c) Importer(815301076,1909f56bfc062723c751e8b465ee728b)
Start importing Assets/UI/Common/h1.png using Guid(32668b898eef67c4183d6eac536ea83c) Importer(815301076,1909f56bfc062723c751e8b465ee728b)  -> (artifact id: 'e77557054c2d1c2fee5c727b52e9ab9c') in 0.014792 seconds
Number of updated asset objects reloaded before import = 0
Number of asset objects unloaded after import = 2
========================================================================
Received Import Request.
  Time since last request: 0.000034 seconds.
  path: Assets/UI/Common/icon_edit.png
  artifactKey: Guid(7ed5b7632dffa734badc4c215050a922) Importer(815301076,1909f56bfc062723c751e8b465ee728b)
Start importing Assets/UI/Common/icon_edit.png using Guid(7ed5b7632dffa734badc4c215050a922) Importer(815301076,1909f56bfc062723c751e8b465ee728b)  -> (artifact id: 'f67588f8e2009ce3c80c14d3e4d12042') in 0.008088 seconds
Number of updated asset objects reloaded before import = 0
Number of asset objects unloaded after import = 2
========================================================================
Received Import Request.
  Time since last request: 29.563108 seconds.
  path: Assets/UI/Common/main_icon_char.png
  artifactKey: Guid(dd3b9b5955a89d6408e5ac066d05cc61) Importer(815301076,1909f56bfc062723c751e8b465ee728b)
Start importing Assets/UI/Common/main_icon_char.png using Guid(dd3b9b5955a89d6408e5ac066d05cc61) Importer(815301076,1909f56bfc062723c751e8b465ee728b)  -> (artifact id: '2945f272ae71842744e6b2d849f9d746') in 0.034321 seconds
Number of updated asset objects reloaded before import = 0
Number of asset objects unloaded after import = 2
========================================================================
Received Import Request.
  Time since last request: 0.000021 seconds.
  path: Assets/UI/Common/ui_btton_1.png
  artifactKey: Guid(db36caabb1bf63043aa2a966c65aba48) Importer(815301076,1909f56bfc062723c751e8b465ee728b)
Start importing Assets/UI/Common/ui_btton_1.png using Guid(db36caabb1bf63043aa2a966c65aba48) Importer(815301076,1909f56bfc062723c751e8b465ee728b)  -> (artifact id: 'd22ef4d52b21d0e4553a0e3187505131') in 0.010297 seconds
Number of updated asset objects reloaded before import = 0
Number of asset objects unloaded after import = 2
========================================================================
Received Import Request.
  Time since last request: 0.000031 seconds.
  path: Assets/UI/Common/main_icon_charequip.png
  artifactKey: Guid(6e67374ac8027844da31c819ca2ff2da) Importer(815301076,1909f56bfc062723c751e8b465ee728b)
Start importing Assets/UI/Common/main_icon_charequip.png using Guid(6e67374ac8027844da31c819ca2ff2da) Importer(815301076,1909f56bfc062723c751e8b465ee728b)  -> (artifact id: '435caa1b29ccdc4b4478ecc06a2f294e') in 0.008284 seconds
Number of updated asset objects reloaded before import = 0
Number of asset objects unloaded after import = 2
========================================================================
Received Import Request.
  Time since last request: 0.000026 seconds.
  path: Assets/UI/Common/main_scroll_bar.png
  artifactKey: Guid(9d17b4e83d67dc34abf576ed8494e94e) Importer(815301076,1909f56bfc062723c751e8b465ee728b)
Start importing Assets/UI/Common/main_scroll_bar.png using Guid(9d17b4e83d67dc34abf576ed8494e94e) Importer(815301076,1909f56bfc062723c751e8b465ee728b)  -> (artifact id: 'a3604fdb4f003f5d2803bd235984b4a5') in 0.012581 seconds
Number of updated asset objects reloaded before import = 0
Number of asset objects unloaded after import = 3
========================================================================
Received Import Request.
  Time since last request: 0.000024 seconds.
  path: Assets/UI/Common/ui_btton_s_4.png
  artifactKey: Guid(25fdddcdab1d47c4f9ec04ecb9164a24) Importer(815301076,1909f56bfc062723c751e8b465ee728b)
Start importing Assets/UI/Common/ui_btton_s_4.png using Guid(25fdddcdab1d47c4f9ec04ecb9164a24) Importer(815301076,1909f56bfc062723c751e8b465ee728b)  -> (artifact id: '115e28ba75b9944e2482c11524c162cd') in 0.006792 seconds
Number of updated asset objects reloaded before import = 0
Number of asset objects unloaded after import = 2
========================================================================
Received Import Request.
  Time since last request: 0.000024 seconds.
  path: Assets/UI/Common/main_scroll_btn.png
  artifactKey: Guid(d7a1c5f17553b8f40a753b263b3def59) Importer(815301076,1909f56bfc062723c751e8b465ee728b)
Start importing Assets/UI/Common/main_scroll_btn.png using Guid(d7a1c5f17553b8f40a753b263b3def59) Importer(815301076,1909f56bfc062723c751e8b465ee728b)  -> (artifact id: '1553b485971ef929842df5f798287987') in 0.011397 seconds
Number of updated asset objects reloaded before import = 0
Number of asset objects unloaded after import = 3
========================================================================
Received Import Request.
  Time since last request: 0.000031 seconds.
  path: Assets/UI/Common/title_bg_n.png
  artifactKey: Guid(e951d50f88747a3488ed15d29ce12cea) Importer(815301076,1909f56bfc062723c751e8b465ee728b)
Start importing Assets/UI/Common/title_bg_n.png using Guid(e951d50f88747a3488ed15d29ce12cea) Importer(815301076,1909f56bfc062723c751e8b465ee728b)  -> (artifact id: 'ca04be69c3666c8f12b42459588cdec1') in 0.010877 seconds
Number of updated asset objects reloaded before import = 0
Number of asset objects unloaded after import = 3
========================================================================
Received Import Request.
  Time since last request: 0.000032 seconds.
  path: Assets/UI/Common/main_icon_duild.png
  artifactKey: Guid(e2a75aa5e35a7fc49ad2dfa3d8be59fb) Importer(815301076,1909f56bfc062723c751e8b465ee728b)
Start importing Assets/UI/Common/main_icon_duild.png using Guid(e2a75aa5e35a7fc49ad2dfa3d8be59fb) Importer(815301076,1909f56bfc062723c751e8b465ee728b)  -> (artifact id: '91f376bd52245aebf68395de065a76fe') in 0.007701 seconds
Number of updated asset objects reloaded before import = 0
Number of asset objects unloaded after import = 2
========================================================================
Received Import Request.
  Time since last request: 0.000028 seconds.
  path: Assets/UI/Common/ui_btton_m_1.png
  artifactKey: Guid(f3ed0b87d1f87a5489fd1a649b892135) Importer(815301076,1909f56bfc062723c751e8b465ee728b)
Start importing Assets/UI/Common/ui_btton_m_1.png using Guid(f3ed0b87d1f87a5489fd1a649b892135) Importer(815301076,1909f56bfc062723c751e8b465ee728b)  -> (artifact id: '2920ee9a17c1c5cdc564594add894229') in 0.007882 seconds
Number of updated asset objects reloaded before import = 0
Number of asset objects unloaded after import = 2
========================================================================
Received Import Request.
  Time since last request: 0.000025 seconds.
  path: Assets/UI/Common/main_icon_setting.png
  artifactKey: Guid(19f4140b63d714241ab54ba343bf7f42) Importer(815301076,1909f56bfc062723c751e8b465ee728b)
Start importing Assets/UI/Common/main_icon_setting.png using Guid(19f4140b63d714241ab54ba343bf7f42) Importer(815301076,1909f56bfc062723c751e8b465ee728b)  -> (artifact id: '6f37fd56f6e5328ab6e8dabf64708bf5') in 0.007914 seconds
Number of updated asset objects reloaded before import = 0
Number of asset objects unloaded after import = 2
========================================================================
Received Import Request.
  Time since last request: 0.000019 seconds.
  path: Assets/UI/Common/ui_btton_2.png
  artifactKey: Guid(b049f8a3c80cff54ea1e9796bcea844a) Importer(815301076,1909f56bfc062723c751e8b465ee728b)
Start importing Assets/UI/Common/ui_btton_2.png using Guid(b049f8a3c80cff54ea1e9796bcea844a) Importer(815301076,1909f56bfc062723c751e8b465ee728b)  -> (artifact id: 'dfeaf9beb14801de52a8566956fa1db9') in 0.011588 seconds
Number of updated asset objects reloaded before import = 0
Number of asset objects unloaded after import = 2
========================================================================
Received Import Request.
  Time since last request: 1.199585 seconds.
  path: Assets/UI/Common/m1.png
  artifactKey: Guid(d1fe011569b32734b8acc592db7d0945) Importer(815301076,1909f56bfc062723c751e8b465ee728b)
Start importing Assets/UI/Common/m1.png using Guid(d1fe011569b32734b8acc592db7d0945) Importer(815301076,1909f56bfc062723c751e8b465ee728b)  -> (artifact id: '1e17784fa0ebb1bb7af0d90e34809da1') in 0.006510 seconds
Number of updated asset objects reloaded before import = 0
Number of asset objects unloaded after import = 2
========================================================================
Received Import Request.
  Time since last request: 0.000026 seconds.
  path: Assets/UI/Common/main_hp_bar.png
  artifactKey: Guid(ac564abffcf2a784399d7853fb23c84a) Importer(815301076,1909f56bfc062723c751e8b465ee728b)
Start importing Assets/UI/Common/main_hp_bar.png using Guid(ac564abffcf2a784399d7853fb23c84a) Importer(815301076,1909f56bfc062723c751e8b465ee728b)  -> (artifact id: '1b8035661c226e58e677bffe91de5af9') in 0.013690 seconds
Number of updated asset objects reloaded before import = 0
Number of asset objects unloaded after import = 3
========================================================================
Received Import Request.
  Time since last request: 0.000026 seconds.
  path: Assets/UI/Common/main_avater_bg.png
  artifactKey: Guid(783828dedffccfc4bb96a6e57e3d3224) Importer(815301076,1909f56bfc062723c751e8b465ee728b)
Start importing Assets/UI/Common/main_avater_bg.png using Guid(783828dedffccfc4bb96a6e57e3d3224) Importer(815301076,1909f56bfc062723c751e8b465ee728b)  -> (artifact id: '141b6f1720e77660b12808b78163c31d') in 0.012060 seconds
Number of updated asset objects reloaded before import = 0
Number of asset objects unloaded after import = 3
========================================================================
Received Import Request.
  Time since last request: 0.000032 seconds.
  path: Assets/UI/Common/main_exp_bg.png
  artifactKey: Guid(8bc6619cb1b20a24da2193f365c43ac9) Importer(815301076,1909f56bfc062723c751e8b465ee728b)
Start importing Assets/UI/Common/main_exp_bg.png using Guid(8bc6619cb1b20a24da2193f365c43ac9) Importer(815301076,1909f56bfc062723c751e8b465ee728b)  -> (artifact id: '91db0211554b89e77ded02509d19cadb') in 0.011514 seconds
Number of updated asset objects reloaded before import = 0
Number of asset objects unloaded after import = 3
========================================================================
Received Import Request.
  Time since last request: 0.000024 seconds.
  path: Assets/UI/Common/fds.png
  artifactKey: Guid(8c4a40b8ca04c8f449ee2bbce0f32d03) Importer(815301076,1909f56bfc062723c751e8b465ee728b)
Start importing Assets/UI/Common/fds.png using Guid(8c4a40b8ca04c8f449ee2bbce0f32d03) Importer(815301076,1909f56bfc062723c751e8b465ee728b)  -> (artifact id: '61beb7faeb3c5dd347ed77c14456e140') in 0.007543 seconds
Number of updated asset objects reloaded before import = 0
Number of asset objects unloaded after import = 2
========================================================================
Received Import Request.
  Time since last request: 0.000036 seconds.
  path: Assets/UI/Common/common_bg_03.png
  artifactKey: Guid(c0b9c81710487da458030049dab05e22) Importer(815301076,1909f56bfc062723c751e8b465ee728b)
Start importing Assets/UI/Common/common_bg_03.png using Guid(c0b9c81710487da458030049dab05e22) Importer(815301076,1909f56bfc062723c751e8b465ee728b)  -> (artifact id: '66703ea63e24175e0077e832dae8ac4e') in 0.012886 seconds
Number of updated asset objects reloaded before import = 0
Number of asset objects unloaded after import = 3
========================================================================
Received Import Request.
  Time since last request: 0.000048 seconds.
  path: Assets/UI/Common/icon_hp.png
  artifactKey: Guid(b64831cd2bd6f474ba53c1cd30c38204) Importer(815301076,1909f56bfc062723c751e8b465ee728b)
Start importing Assets/UI/Common/icon_hp.png using Guid(b64831cd2bd6f474ba53c1cd30c38204) Importer(815301076,1909f56bfc062723c751e8b465ee728b)  -> (artifact id: 'e76fc93dd9597243f972661a558f15eb') in 0.007549 seconds
Number of updated asset objects reloaded before import = 0
Number of asset objects unloaded after import = 2
Editor requested this worker to shutdown with reason: Scaling down because of idle timeout
TcpMessagingSession - receive error: operation aborted. errorcode: 995, details: 由于线程退出或应用程序请求，已中止 I/O 操作。
AssetImportWorker is now disconnected from the server
Process exiting
Exiting without the bug reporter. Application will terminate with return code 0