Using pre-set license
Built from '2022.3/china_unity/release' branch; Version is '2022.3.30f1c1 (a6dc00fbe362) revision 10935296'; Using compiler version '192829333'; Build Type 'Release'
OS: 'Windows 11  (10.0.26100) 64bit Professional' Language: 'zh' Physical Memory: 15613 MB
BatchMode: 1, IsHumanControllingUs: 0, StartBugReporterOnCrash: 0, Is64bit: 1, IsPro: 1

COMMAND LINE ARGUMENTS:
C:\Apps\Unity Hub\Unity\Hub\Editor\2022.3.30f1c1\Editor\Unity.exe
-adb2
-batchMode
-noUpm
-name
AssetImportWorker0
-projectPath
F:/Unity/Projects/24.10.3ExtremeWorld/Src/Client
-logFile
Logs/AssetImportWorker0.log
-srvPort
60305
Successfully changed project path to: F:/Unity/Projects/24.10.3ExtremeWorld/Src/Client
F:/Unity/Projects/24.10.3ExtremeWorld/Src/Client
[UnityMemory] Configuration Parameters - Can be set up in boot.config
    "memorysetup-bucket-allocator-granularity=16"
    "memorysetup-bucket-allocator-bucket-count=8"
    "memorysetup-bucket-allocator-block-size=33554432"
    "memorysetup-bucket-allocator-block-count=8"
    "memorysetup-main-allocator-block-size=16777216"
    "memorysetup-thread-allocator-block-size=16777216"
    "memorysetup-gfx-main-allocator-block-size=16777216"
    "memorysetup-gfx-thread-allocator-block-size=16777216"
    "memorysetup-cache-allocator-block-size=4194304"
    "memorysetup-typetree-allocator-block-size=2097152"
    "memorysetup-profiler-bucket-allocator-granularity=16"
    "memorysetup-profiler-bucket-allocator-bucket-count=8"
    "memorysetup-profiler-bucket-allocator-block-size=33554432"
    "memorysetup-profiler-bucket-allocator-block-count=8"
    "memorysetup-profiler-allocator-block-size=16777216"
    "memorysetup-profiler-editor-allocator-block-size=1048576"
    "memorysetup-temp-allocator-size-main=16777216"
    "memorysetup-job-temp-allocator-block-size=2097152"
    "memorysetup-job-temp-allocator-block-size-background=1048576"
    "memorysetup-job-temp-allocator-reduction-small-platforms=262144"
    "memorysetup-allocator-temp-initial-block-size-main=262144"
    "memorysetup-allocator-temp-initial-block-size-worker=262144"
    "memorysetup-temp-allocator-size-background-worker=32768"
    "memorysetup-temp-allocator-size-job-worker=262144"
    "memorysetup-temp-allocator-size-preload-manager=33554432"
    "memorysetup-temp-allocator-size-nav-mesh-worker=65536"
    "memorysetup-temp-allocator-size-audio-worker=65536"
    "memorysetup-temp-allocator-size-cloud-worker=32768"
    "memorysetup-temp-allocator-size-gi-baking-worker=262144"
    "memorysetup-temp-allocator-size-gfx=262144"
Player connection [50520] Host "[IP] 66.183.194.192 [Port] 0 [Flags] 2 [Guid] 3444282761 [EditorId] 3444282761 [Version] 1048832 [Id] WindowsEditor(7,LAPTOP-H7TM5C4L) [Debug] 1 [PackageName] WindowsEditor [ProjectName] Editor" joined multi-casting on [225.0.0.222:54997]...

Player connection [50520] Host "[IP] 66.183.194.192 [Port] 0 [Flags] 2 [Guid] 3444282761 [EditorId] 3444282761 [Version] 1048832 [Id] WindowsEditor(7,LAPTOP-H7TM5C4L) [Debug] 1 [PackageName] WindowsEditor [ProjectName] Editor" joined alternative multi-casting on [225.0.0.222:34997]...

[Physics::Module] Initialized MultithreadedJobDispatcher with 15 workers.
Refreshing native plugins compatible for Editor in 50.46 ms, found 2 plugins.
Preloading 0 native plugins for Editor in 0.00 ms.
Initialize engine version: 2022.3.30f1c1 (a6dc00fbe362)
[Subsystems] Discovering subsystems at path C:/Apps/Unity Hub/Unity/Hub/Editor/2022.3.30f1c1/Editor/Data/Resources/UnitySubsystems
[Subsystems] Discovering subsystems at path F:/Unity/Projects/24.10.3ExtremeWorld/Src/Client/Assets
GfxDevice: creating device client; threaded=0; jobified=0
Direct3D:
    Version:  Direct3D 11.0 [level 11.1]
    Renderer: NVIDIA GeForce RTX 3060 Laptop GPU (ID=0x2520)
    Vendor:   NVIDIA
    VRAM:     5996 MB
    Driver:   32.0.15.7652
Initialize mono
Mono path[0] = 'C:/Apps/Unity Hub/Unity/Hub/Editor/2022.3.30f1c1/Editor/Data/Managed'
Mono path[1] = 'C:/Apps/Unity Hub/Unity/Hub/Editor/2022.3.30f1c1/Editor/Data/MonoBleedingEdge/lib/mono/unityjit-win32'
Mono config path = 'C:/Apps/Unity Hub/Unity/Hub/Editor/2022.3.30f1c1/Editor/Data/MonoBleedingEdge/etc'
Using monoOptions --debugger-agent=transport=dt_socket,embedding=1,server=y,suspend=n,address=127.0.0.1:56668
Begin MonoManager ReloadAssembly
Registering precompiled unity dll's ...
Register platform support module: C:/Apps/Unity Hub/Unity/Hub/Editor/2022.3.30f1c1/Editor/Data/PlaybackEngines/AndroidPlayer/UnityEditor.Android.Extensions.dll
Register platform support module: C:/Apps/Unity Hub/Unity/Hub/Editor/2022.3.30f1c1/Editor/Data/PlaybackEngines/WindowsStandaloneSupport/UnityEditor.WindowsStandalone.Extensions.dll
Registered in 0.022573 seconds.
- Loaded All Assemblies, in  0.415 seconds
Native extension for WindowsStandalone target not found
Native extension for Android target not found
Android Extension - Scanning For ADB Devices 391 ms
Mono: successfully reloaded assembly
- Finished resetting the current domain, in  0.796 seconds
Domain Reload Profiling: 1203ms
	BeginReloadAssembly (124ms)
		ExecutionOrderSort (0ms)
		DisableScriptedObjects (0ms)
		BackupInstance (0ms)
		ReleaseScriptingObjects (0ms)
		CreateAndSetChildDomain (1ms)
	RebuildCommonClasses (34ms)
	RebuildNativeTypeToScriptingClass (9ms)
	initialDomainReloadingComplete (84ms)
	LoadAllAssembliesAndSetupDomain (157ms)
		LoadAssemblies (119ms)
		RebuildTransferFunctionScriptingTraits (0ms)
		AnalyzeDomain (153ms)
			TypeCache.Refresh (151ms)
				TypeCache.ScanAssembly (136ms)
			ScanForSourceGeneratedMonoScriptInfo (0ms)
			ResolveRequiredComponents (1ms)
	FinalizeReload (796ms)
		ReleaseScriptCaches (0ms)
		RebuildScriptCaches (0ms)
		SetupLoadedEditorAssemblies (732ms)
			LogAssemblyErrors (0ms)
			InitializePlatformSupportModulesInManaged (507ms)
			SetLoadedEditorAssemblies (5ms)
			RefreshPlugins (0ms)
			BeforeProcessingInitializeOnLoad (4ms)
			ProcessInitializeOnLoadAttributes (163ms)
			ProcessInitializeOnLoadMethodAttributes (52ms)
			AfterProcessingInitializeOnLoad (0ms)
			EditorAssembliesLoaded (0ms)
		ExecutionOrderSort2 (0ms)
		AwakeInstancesAfterBackupRestoration (0ms)
========================================================================
Worker process is ready to serve import requests
Begin MonoManager ReloadAssembly
Duplicate assembly 'log4net.dll' with different versions detected, using 'Assets/References/log4net.dll, AssemblyName=log4net, Version=2.0.8.0, Culture=neutral, PublicKeyToken=null' and ignoring 'Packages/com.unity.collab-proxy/Lib/Editor/PlasticSCM/log4netPlastic.dll, AssemblyName=log4net, Version=1.2.15.0, Culture=neutral, PublicKeyToken=669e0ddf0bb1aa2a'.Duplicate assembly 'Newtonsoft.Json.dll' with different versions detected, using 'Packages/com.unity.nuget.newtonsoft-json/Runtime/Newtonsoft.Json.dll, AssemblyName=Newtonsoft.Json, Version=13.0.0.0, Culture=neutral, PublicKeyToken=30ad4fe6b2a6aeed' and ignoring 'Assets/JsonDotNet/Assemblies/Standalone/Newtonsoft.Json.dll, AssemblyName=Newtonsoft.Json, Version=8.0.0.0, Culture=neutral, PublicKeyToken=null'.Symbol file LoadedFromMemory is not a mono symbol file
Symbol file LoadedFromMemory is not a mono symbol file
Symbol file LoadedFromMemory is not a mono symbol file
- Loaded All Assemblies, in  0.781 seconds
Refreshing native plugins compatible for Editor in 26.86 ms, found 2 plugins.
Native extension for WindowsStandalone target not found
Native extension for Android target not found
Package Manager log level set to [2]
[Package Manager] Server::EnsureServerProcessIsRunning -- launch failed, reason: Unity was launched with the -noUpm command-line argument
[Package Manager] UpmClient::Send -- Unable to send message (not connected to UPM process).
[Package Manager] Cannot connect to Unity Package Manager local server
Mono: successfully reloaded assembly
- Finished resetting the current domain, in  1.064 seconds
Domain Reload Profiling: 1833ms
	BeginReloadAssembly (161ms)
		ExecutionOrderSort (0ms)
		DisableScriptedObjects (5ms)
		BackupInstance (0ms)
		ReleaseScriptingObjects (0ms)
		CreateAndSetChildDomain (28ms)
	RebuildCommonClasses (35ms)
	RebuildNativeTypeToScriptingClass (11ms)
	initialDomainReloadingComplete (57ms)
	LoadAllAssembliesAndSetupDomain (505ms)
		LoadAssemblies (439ms)
		RebuildTransferFunctionScriptingTraits (0ms)
		AnalyzeDomain (159ms)
			TypeCache.Refresh (134ms)
				TypeCache.ScanAssembly (105ms)
			ScanForSourceGeneratedMonoScriptInfo (20ms)
			ResolveRequiredComponents (4ms)
	FinalizeReload (1064ms)
		ReleaseScriptCaches (0ms)
		RebuildScriptCaches (0ms)
		SetupLoadedEditorAssemblies (905ms)
			LogAssemblyErrors (0ms)
			InitializePlatformSupportModulesInManaged (39ms)
			SetLoadedEditorAssemblies (5ms)
			RefreshPlugins (0ms)
			BeforeProcessingInitializeOnLoad (100ms)
			ProcessInitializeOnLoadAttributes (576ms)
			ProcessInitializeOnLoadMethodAttributes (169ms)
			AfterProcessingInitializeOnLoad (16ms)
			EditorAssembliesLoaded (0ms)
		ExecutionOrderSort2 (0ms)
		AwakeInstancesAfterBackupRestoration (7ms)
Launched and connected shader compiler UnityShaderCompiler.exe after 0.06 seconds
Refreshing native plugins compatible for Editor in 64.77 ms, found 2 plugins.
Preloading 0 native plugins for Editor in 0.00 ms.
Unloading 2732 Unused Serialized files (Serialized files now loaded: 0)
Unloading 73 unused Assets / (398.1 KB). Loaded Objects now: 3196.
Memory consumption went from 144.3 MB to 143.9 MB.
Total: 19.410000 ms (FindLiveObjects: 0.452100 ms CreateObjectMapping: 0.268500 ms MarkObjects: 17.422600 ms  DeleteObjects: 1.265200 ms)

AssetImportParameters requested are different than current active one (requested -> active):
  custom:video-decoder-webm-vp8: 9c59270c3fd7afecdb556c50c9e8de78 -> 
  custom:SearchIndexIgnoredProperties: e643bd26f0fe6173181afceb89e7c659 -> 
  custom:container-demuxer-ogg: 62fdf1f143b41e24485cea50d1cbac27 -> 
  custom:AudioImporter_EditorPlatform: d09bf68614088b80899f8185d706f6e7 -> 
  custom:video-codec-MediaFoundation-h265: 746d11721c4dcdbdad8f713fa42b33f4 -> 
  custom:video-decoder-ogg-theora: a1e56fd34408186e4bbccfd4996cb3dc -> 
  custom:framework-win-MediaFoundation: 216162199b28c13a410421893ffa2e32 -> 
  custom:video-encoder-webm-vp8: eb34c28f22e8b96e1ab97ce403110664 -> 
  custom:audio-decoder-ogg-vorbis: bf7c407c2cedff20999df2af8eb42d56 -> 
  custom:CustomObjectIndexerAttribute: 9a22284fe3817be447336de3de66b15e -> 
  custom:container-demuxer-webm: 4f35f7cbe854078d1ac9338744f61a02 -> 
  custom:audio-encoder-webm-vorbis: bf7c407c2cedff20999df2af8eb42d56 -> 
  custom:container-muxer-webm: aa71ff27fc2769a1b78a27578f13a17b -> 
========================================================================
Received Import Request.
  Time since last request: 27591.606526 seconds.
  path: Assets/Resources/Character/Wizard.prefab
  artifactKey: Guid(82599e3c5d09abc4bb5f99b30e1597b6) Importer(815301076,1909f56bfc062723c751e8b465ee728b)
Start importing Assets/Resources/Character/Wizard.prefab using Guid(82599e3c5d09abc4bb5f99b30e1597b6) Importer(815301076,1909f56bfc062723c751e8b465ee728b)  -> (artifact id: '9c0f50e14087f612a5d2e4b52e5baadb') in 0.285880 seconds
Number of updated asset objects reloaded before import = 0
Number of asset objects unloaded after import = 809
========================================================================
Received Import Request.
  Time since last request: 0.000058 seconds.
  path: Assets/Resources/Character/Archer.prefab
  artifactKey: Guid(8ab90ca2bc5d82e43a79ca241de6f2ef) Importer(815301076,1909f56bfc062723c751e8b465ee728b)
Start importing Assets/Resources/Character/Archer.prefab using Guid(8ab90ca2bc5d82e43a79ca241de6f2ef) Importer(815301076,1909f56bfc062723c751e8b465ee728b)  -> (artifact id: '98447561c76bca249802bf791fc392cb') in 0.131885 seconds
Number of updated asset objects reloaded before import = 0
Number of asset objects unloaded after import = 847
========================================================================
Received Import Request.
  Time since last request: 26.490000 seconds.
  path: Assets/Levels/Map03.unity
  artifactKey: Guid(1a1da40d2dbb55347b80929645a59343) Importer(815301076,1909f56bfc062723c751e8b465ee728b)
Start importing Assets/Levels/Map03.unity using Guid(1a1da40d2dbb55347b80929645a59343) Importer(815301076,1909f56bfc062723c751e8b465ee728b)  -> (artifact id: 'df70580ed7f4afd2ab471cacebb86a3b') in 0.000797 seconds
Number of updated asset objects reloaded before import = 0
Number of asset objects unloaded after import = 0
========================================================================
Received Import Request.
  Time since last request: 2.256857 seconds.
  path: Assets/Levels/Map02.unity
  artifactKey: Guid(f9626b406d2d957469f8fd9f8a62f3a9) Importer(815301076,1909f56bfc062723c751e8b465ee728b)
Start importing Assets/Levels/Map02.unity using Guid(f9626b406d2d957469f8fd9f8a62f3a9) Importer(815301076,1909f56bfc062723c751e8b465ee728b)  -> (artifact id: '2e59b2a8bc70454ef27df71ac859b247') in 0.000913 seconds
Number of updated asset objects reloaded before import = 0
Number of asset objects unloaded after import = 0
========================================================================
Received Import Request.
  Time since last request: 3.162913 seconds.
  path: Assets/Levels/Arena.unity
  artifactKey: Guid(07840fd93213cc149ab6759a1feb4ada) Importer(815301076,1909f56bfc062723c751e8b465ee728b)
Start importing Assets/Levels/Arena.unity using Guid(07840fd93213cc149ab6759a1feb4ada) Importer(815301076,1909f56bfc062723c751e8b465ee728b)  -> (artifact id: '9c7c0ed74c3308991d227be63bdd0a78') in 0.000854 seconds
Number of updated asset objects reloaded before import = 0
Number of asset objects unloaded after import = 0
========================================================================
Received Import Request.
  Time since last request: 37.721320 seconds.
  path: Assets/Levels/Arena.unity
  artifactKey: Guid(07840fd93213cc149ab6759a1feb4ada) Importer(815301076,1909f56bfc062723c751e8b465ee728b)
Start importing Assets/Levels/Arena.unity using Guid(07840fd93213cc149ab6759a1feb4ada) Importer(815301076,1909f56bfc062723c751e8b465ee728b)  -> (artifact id: 'bd80c662a5529a29b7b063ed9e857fd3') in 0.000882 seconds
Number of updated asset objects reloaded before import = 0
Number of asset objects unloaded after import = 0
========================================================================
Received Import Request.
  Time since last request: 178.689436 seconds.
  path: Assets/UI/Avatars
  artifactKey: Guid(2810f6da35502ab41869de0d985d0d9d) Importer(815301076,1909f56bfc062723c751e8b465ee728b)
Start importing Assets/UI/Avatars using Guid(2810f6da35502ab41869de0d985d0d9d) Importer(815301076,1909f56bfc062723c751e8b465ee728b)  -> (artifact id: '88ce5e1cbd4bc5b074a2700f46ed4287') in 0.000603 seconds
Number of updated asset objects reloaded before import = 0
Number of asset objects unloaded after import = 0
========================================================================
Received Import Request.
  Time since last request: 0.068745 seconds.
  path: Assets/UI/Avatars/fash.png
  artifactKey: Guid(340f2d027f3b3f240837f4bbf2b8c39c) Importer(815301076,1909f56bfc062723c751e8b465ee728b)
Start importing Assets/UI/Avatars/fash.png using Guid(340f2d027f3b3f240837f4bbf2b8c39c) Importer(815301076,1909f56bfc062723c751e8b465ee728b)  -> (artifact id: '88e5e986d636c6a80b54c8d1219ea07a') in 0.020751 seconds
Number of updated asset objects reloaded before import = 0
Number of asset objects unloaded after import = 2
========================================================================
Received Import Request.
  Time since last request: 0.000020 seconds.
  path: Assets/UI/Avatars/zhansh.png
  artifactKey: Guid(75df11e7e90295647a1f6b9da49d13c6) Importer(815301076,1909f56bfc062723c751e8b465ee728b)
Start importing Assets/UI/Avatars/zhansh.png using Guid(75df11e7e90295647a1f6b9da49d13c6) Importer(815301076,1909f56bfc062723c751e8b465ee728b)  -> (artifact id: 'dc5ad7b3f9bef7d78621a8117445968d') in 0.007432 seconds
Number of updated asset objects reloaded before import = 0
Number of asset objects unloaded after import = 2
========================================================================
Received Import Request.
  Time since last request: 6.148972 seconds.
  path: Assets/UI/Common/split_02.png
  artifactKey: Guid(58c794b0e76adb04ebf20baf800beaf0) Importer(815301076,1909f56bfc062723c751e8b465ee728b)
Start importing Assets/UI/Common/split_02.png using Guid(58c794b0e76adb04ebf20baf800beaf0) Importer(815301076,1909f56bfc062723c751e8b465ee728b)  -> (artifact id: '4598bdeac4e799c923f0b5aa6b3bad20') in 0.019285 seconds
Number of updated asset objects reloaded before import = 0
Number of asset objects unloaded after import = 3
========================================================================
Received Import Request.
  Time since last request: 0.000016 seconds.
  path: Assets/UI/Common/title_bg_n.png
  artifactKey: Guid(e951d50f88747a3488ed15d29ce12cea) Importer(815301076,1909f56bfc062723c751e8b465ee728b)
Start importing Assets/UI/Common/title_bg_n.png using Guid(e951d50f88747a3488ed15d29ce12cea) Importer(815301076,1909f56bfc062723c751e8b465ee728b)  -> (artifact id: 'ca04be69c3666c8f12b42459588cdec1') in 0.012429 seconds
Number of updated asset objects reloaded before import = 0
Number of asset objects unloaded after import = 3
========================================================================
Received Import Request.
  Time since last request: 1.596941 seconds.
  path: Assets/UI/Common/ui_btton_1.png
  artifactKey: Guid(df9087d71a102254e996eb4f035fb401) Importer(815301076,1909f56bfc062723c751e8b465ee728b)
Start importing Assets/UI/Common/ui_btton_1.png using Guid(df9087d71a102254e996eb4f035fb401) Importer(815301076,1909f56bfc062723c751e8b465ee728b)  -> (artifact id: 'd3b71d8747a1dd8bb727001037584945') in 0.012696 seconds
Number of updated asset objects reloaded before import = 0
Number of asset objects unloaded after import = 3
========================================================================
Received Import Request.
  Time since last request: 0.011387 seconds.
  path: Assets/UI/Common/ui_btton_s_1.png
  artifactKey: Guid(bb9457db0167e5448985f15a3033291b) Importer(815301076,1909f56bfc062723c751e8b465ee728b)
Start importing Assets/UI/Common/ui_btton_s_1.png using Guid(bb9457db0167e5448985f15a3033291b) Importer(815301076,1909f56bfc062723c751e8b465ee728b)  -> (artifact id: '9b2fe4d6af21c73f01815972a5cf535b') in 0.012099 seconds
Number of updated asset objects reloaded before import = 0
Number of asset objects unloaded after import = 3
========================================================================
Received Import Request.
  Time since last request: 0.012880 seconds.
  path: Assets/UI/Common/ui_button_green.png
  artifactKey: Guid(7adb8d4fb13cefd4cb2e2100446ed54c) Importer(815301076,1909f56bfc062723c751e8b465ee728b)
Start importing Assets/UI/Common/ui_button_green.png using Guid(7adb8d4fb13cefd4cb2e2100446ed54c) Importer(815301076,1909f56bfc062723c751e8b465ee728b)  -> (artifact id: 'c8c64a2411cdebc05cda6ab1b09c2621') in 0.018279 seconds
Number of updated asset objects reloaded before import = 0
Number of asset objects unloaded after import = 3
========================================================================
Received Import Request.
  Time since last request: 0.000018 seconds.
  path: Assets/UI/Common/ui_btton_m_1.png
  artifactKey: Guid(09a5fb85096d42543b627dfe05bd277d) Importer(815301076,1909f56bfc062723c751e8b465ee728b)
Start importing Assets/UI/Common/ui_btton_m_1.png using Guid(09a5fb85096d42543b627dfe05bd277d) Importer(815301076,1909f56bfc062723c751e8b465ee728b)  -> (artifact id: '10b7cf3b0bdce4ac6c710d8e1ea1526f') in 0.013657 seconds
Number of updated asset objects reloaded before import = 0
Number of asset objects unloaded after import = 3
========================================================================
Received Import Request.
  Time since last request: 0.000058 seconds.
  path: Assets/UI/Common/ui_btton_s_4.png
  artifactKey: Guid(52fe4950dca93ca4fb6000e0d58a4929) Importer(815301076,1909f56bfc062723c751e8b465ee728b)
Start importing Assets/UI/Common/ui_btton_s_4.png using Guid(52fe4950dca93ca4fb6000e0d58a4929) Importer(815301076,1909f56bfc062723c751e8b465ee728b)  -> (artifact id: '083a1ae57a9488520b40bf536f485a02') in 0.017439 seconds
Number of updated asset objects reloaded before import = 0
Number of asset objects unloaded after import = 3
========================================================================
Received Import Request.
  Time since last request: 0.119369 seconds.
  path: Assets/UI/Common/ui_slider_bar.png
  artifactKey: Guid(f7c9e3f3ed1968340adf661881f22deb) Importer(815301076,1909f56bfc062723c751e8b465ee728b)
Start importing Assets/UI/Common/ui_slider_bar.png using Guid(f7c9e3f3ed1968340adf661881f22deb) Importer(815301076,1909f56bfc062723c751e8b465ee728b)  -> (artifact id: '6baadbe106a02e3cdf264c1416423f1c') in 0.011885 seconds
Number of updated asset objects reloaded before import = 0
Number of asset objects unloaded after import = 3
========================================================================
Received Import Request.
  Time since last request: 0.000024 seconds.
  path: Assets/UI/Common/ui_toogle_on.png
  artifactKey: Guid(276d8077d9d53494bb7271caaa4b15f2) Importer(815301076,1909f56bfc062723c751e8b465ee728b)
Start importing Assets/UI/Common/ui_toogle_on.png using Guid(276d8077d9d53494bb7271caaa4b15f2) Importer(815301076,1909f56bfc062723c751e8b465ee728b)  -> (artifact id: '8f024e7996800ed3d53b56bc4216bf93') in 0.018849 seconds
Number of updated asset objects reloaded before import = 0
Number of asset objects unloaded after import = 3
Editor requested this worker to shutdown with reason: Scaling down because of idle timeout
TcpMessagingSession - receive error: operation aborted. errorcode: 995, details: 由于线程退出或应用程序请求，已中止 I/O 操作。
AssetImportWorker is now disconnected from the server
Process exiting
Exiting without the bug reporter. Application will terminate with return code 0